{"/home/user/Math-Quiz-Hub/server/auth.ts": {"path":"/home/user/Math-Quiz-Hub/server/auth.ts","statementMap":{"0":{"start":{"line":24,"column":2},"end":{"line":24,"column":null}},"1":{"start":{"line":28,"column":14},"end":{"line":28,"column":null}},"2":{"start":{"line":29,"column":2},"end":{"line":29,"column":null}},"3":{"start":{"line":29,"column":12},"end":{"line":29,"column":null}},"4":{"start":{"line":30,"column":2},"end":{"line":37,"column":null}},"5":{"start":{"line":31,"column":16},"end":{"line":31,"column":null}},"6":{"start":{"line":32,"column":4},"end":{"line":32,"column":null}},"7":{"start":{"line":32,"column":20},"end":{"line":32,"column":null}},"8":{"start":{"line":33,"column":16},"end":{"line":33,"column":null}},"9":{"start":{"line":34,"column":18},"end":{"line":34,"column":null}},"10":{"start":{"line":35,"column":4},"end":{"line":35,"column":null}},"11":{"start":{"line":36,"column":4},"end":{"line":36,"column":null}},"12":{"start":{"line":41,"column":17},"end":{"line":41,"column":null}},"13":{"start":{"line":42,"column":2},"end":{"line":47,"column":null}},"14":{"start":{"line":43,"column":4},"end":{"line":46,"column":null}},"15":{"start":{"line":44,"column":22},"end":{"line":44,"column":null}},"16":{"start":{"line":45,"column":6},"end":{"line":45,"column":null}},"17":{"start":{"line":45,"column":23},"end":{"line":45,"column":null}},"18":{"start":{"line":49,"column":22},"end":{"line":49,"column":null}},"19":{"start":{"line":50,"column":2},"end":{"line":50,"column":null}},"20":{"start":{"line":50,"column":20},"end":{"line":50,"column":null}},"21":{"start":{"line":52,"column":2},"end":{"line":60,"column":null}},"22":{"start":{"line":53,"column":17},"end":{"line":56,"column":null}},"23":{"start":{"line":57,"column":4},"end":{"line":57,"column":null}},"24":{"start":{"line":57,"column":18},"end":{"line":57,"column":null}},"25":{"start":{"line":58,"column":17},"end":{"line":58,"column":null}},"26":{"start":{"line":59,"column":4},"end":{"line":59,"column":null}},"27":{"start":{"line":59,"column":18},"end":{"line":59,"column":null}},"28":{"start":{"line":62,"column":2},"end":{"line":62,"column":null}},"29":{"start":{"line":66,"column":21},"end":{"line":66,"column":null}},"30":{"start":{"line":67,"column":2},"end":{"line":67,"column":null}},"31":{"start":{"line":67,"column":56},"end":{"line":67,"column":null}},"32":{"start":{"line":68,"column":2},"end":{"line":68,"column":null}},"33":{"start":{"line":72,"column":18},"end":{"line":72,"column":null}},"34":{"start":{"line":73,"column":2},"end":{"line":73,"column":null}},"35":{"start":{"line":73,"column":21},"end":{"line":73,"column":null}},"36":{"start":{"line":74,"column":15},"end":{"line":74,"column":null}},"37":{"start":{"line":75,"column":2},"end":{"line":75,"column":null}},"38":{"start":{"line":75,"column":61},"end":{"line":75,"column":null}},"39":{"start":{"line":76,"column":2},"end":{"line":76,"column":null}},"40":{"start":{"line":84,"column":20},"end":{"line":84,"column":null}},"41":{"start":{"line":85,"column":2},"end":{"line":85,"column":null}},"42":{"start":{"line":85,"column":18},"end":{"line":85,"column":null}},"43":{"start":{"line":86,"column":15},"end":{"line":86,"column":null}},"44":{"start":{"line":87,"column":2},"end":{"line":87,"column":null}},"45":{"start":{"line":87,"column":61},"end":{"line":87,"column":null}},"46":{"start":{"line":88,"column":2},"end":{"line":88,"column":null}},"47":{"start":{"line":92,"column":3},"end":{"line":97,"column":null}},"48":{"start":{"line":101,"column":2},"end":{"line":101,"column":null}},"49":{"start":{"line":105,"column":2},"end":{"line":140,"column":null}},"50":{"start":{"line":106,"column":4},"end":{"line":139,"column":null}},"51":{"start":{"line":107,"column":26},"end":{"line":107,"column":null}},"52":{"start":{"line":108,"column":25},"end":{"line":110,"column":null}},"53":{"start":{"line":112,"column":6},"end":{"line":117,"column":null}},"54":{"start":{"line":113,"column":8},"end":{"line":113,"column":null}},"55":{"start":{"line":114,"column":9},"end":{"line":114,"column":null}},"56":{"start":{"line":115,"column":9},"end":{"line":115,"column":null}},"57":{"start":{"line":116,"column":8},"end":{"line":116,"column":null}},"58":{"start":{"line":121,"column":6},"end":{"line":123,"column":null}},"59":{"start":{"line":122,"column":8},"end":{"line":122,"column":null}},"60":{"start":{"line":125,"column":25},"end":{"line":125,"column":null}},"61":{"start":{"line":126,"column":6},"end":{"line":131,"column":null}},"62":{"start":{"line":127,"column":32},"end":{"line":127,"column":null}},"63":{"start":{"line":128,"column":8},"end":{"line":130,"column":null}},"64":{"start":{"line":133,"column":6},"end":{"line":133,"column":null}},"65":{"start":{"line":134,"column":7},"end":{"line":134,"column":null}},"66":{"start":{"line":135,"column":7},"end":{"line":135,"column":null}},"67":{"start":{"line":136,"column":6},"end":{"line":136,"column":null}},"68":{"start":{"line":138,"column":6},"end":{"line":138,"column":null}},"69":{"start":{"line":144,"column":2},"end":{"line":144,"column":null}}},"fnMap":{"0":{"name":"getSupabaseJwtSecret","decl":{"start":{"line":23,"column":9},"end":{"line":23,"column":40}},"loc":{"start":{"line":23,"column":40},"end":{"line":25,"column":null}},"line":23},"1":{"name":"parseCookies","decl":{"start":{"line":27,"column":16},"end":{"line":27,"column":29}},"loc":{"start":{"line":27,"column":43},"end":{"line":38,"column":null}},"line":27},"2":{"name":"(anonymous_2)","decl":{"start":{"line":30,"column":55},"end":{"line":30,"column":56}},"loc":{"start":{"line":30,"column":70},"end":{"line":37,"column":5}},"line":30},"3":{"name":"verifySupabaseToken","decl":{"start":{"line":40,"column":22},"end":{"line":40,"column":42}},"loc":{"start":{"line":40,"column":106},"end":{"line":63,"column":null}},"line":40},"4":{"name":"getBearerToken","decl":{"start":{"line":65,"column":9},"end":{"line":65,"column":24}},"loc":{"start":{"line":65,"column":46},"end":{"line":69,"column":null}},"line":65},"5":{"name":"findAuthorizedUserByToken","decl":{"start":{"line":71,"column":15},"end":{"line":71,"column":41}},"loc":{"start":{"line":71,"column":110},"end":{"line":77,"column":null}},"line":71},"6":{"name":"findAuthorizedUserByHeader","decl":{"start":{"line":79,"column":15},"end":{"line":79,"column":null}},"loc":{"start":{"line":83,"column":31},"end":{"line":89,"column":null}},"line":83},"7":{"name":"attachAuthenticatedUser","decl":{"start":{"line":91,"column":9},"end":{"line":91,"column":33}},"loc":{"start":{"line":91,"column":66},"end":{"line":98,"column":null}},"line":91},"8":{"name":"getAdminSessionToken","decl":{"start":{"line":100,"column":16},"end":{"line":100,"column":37}},"loc":{"start":{"line":100,"column":76},"end":{"line":102,"column":null}},"line":100},"9":{"name":"createRoleMiddleware","decl":{"start":{"line":104,"column":16},"end":{"line":104,"column":37}},"loc":{"start":{"line":104,"column":67},"end":{"line":141,"column":null}},"line":104},"10":{"name":"(anonymous_10)","decl":{"start":{"line":105,"column":9},"end":{"line":105,"column":16}},"loc":{"start":{"line":105,"column":68},"end":{"line":140,"column":null}},"line":105},"11":{"name":"getAuthorizedUserFromBearer","decl":{"start":{"line":143,"column":22},"end":{"line":143,"column":50}},"loc":{"start":{"line":143,"column":119},"end":{"line":145,"column":null}},"line":143}},"branchMap":{"0":{"loc":{"start":{"line":24,"column":9},"end":{"line":24,"column":null}},"type":"binary-expr","locations":[{"start":{"line":24,"column":9},"end":{"line":24,"column":44}},{"start":{"line":24,"column":44},"end":{"line":24,"column":70}},{"start":{"line":24,"column":70},"end":{"line":24,"column":null}}],"line":24},"1":{"loc":{"start":{"line":29,"column":2},"end":{"line":29,"column":null}},"type":"if","locations":[{"start":{"line":29,"column":2},"end":{"line":29,"column":null}},{"start":{},"end":{}}],"line":29},"2":{"loc":{"start":{"line":32,"column":4},"end":{"line":32,"column":null}},"type":"if","locations":[{"start":{"line":32,"column":4},"end":{"line":32,"column":null}},{"start":{},"end":{}}],"line":32},"3":{"loc":{"start":{"line":42,"column":2},"end":{"line":47,"column":null}},"type":"if","locations":[{"start":{"line":42,"column":2},"end":{"line":47,"column":null}},{"start":{},"end":{}}],"line":42},"4":{"loc":{"start":{"line":45,"column":6},"end":{"line":45,"column":null}},"type":"if","locations":[{"start":{"line":45,"column":6},"end":{"line":45,"column":null}},{"start":{},"end":{}}],"line":45},"5":{"loc":{"start":{"line":50,"column":2},"end":{"line":50,"column":null}},"type":"if","locations":[{"start":{"line":50,"column":2},"end":{"line":50,"column":null}},{"start":{},"end":{}}],"line":50},"6":{"loc":{"start":{"line":55,"column":59},"end":{"line":55,"column":100}},"type":"binary-expr","locations":[{"start":{"line":55,"column":59},"end":{"line":55,"column":97}},{"start":{"line":55,"column":97},"end":{"line":55,"column":100}}],"line":55},"7":{"loc":{"start":{"line":57,"column":4},"end":{"line":57,"column":null}},"type":"if","locations":[{"start":{"line":57,"column":4},"end":{"line":57,"column":null}},{"start":{},"end":{}}],"line":57},"8":{"loc":{"start":{"line":59,"column":4},"end":{"line":59,"column":null}},"type":"if","locations":[{"start":{"line":59,"column":4},"end":{"line":59,"column":null}},{"start":{},"end":{}}],"line":59},"9":{"loc":{"start":{"line":67,"column":2},"end":{"line":67,"column":null}},"type":"if","locations":[{"start":{"line":67,"column":2},"end":{"line":67,"column":null}},{"start":{},"end":{}}],"line":67},"10":{"loc":{"start":{"line":67,"column":6},"end":{"line":67,"column":56}},"type":"binary-expr","locations":[{"start":{"line":67,"column":6},"end":{"line":67,"column":21}},{"start":{"line":67,"column":21},"end":{"line":67,"column":56}}],"line":67},"11":{"loc":{"start":{"line":73,"column":2},"end":{"line":73,"column":null}},"type":"if","locations":[{"start":{"line":73,"column":2},"end":{"line":73,"column":null}},{"start":{},"end":{}}],"line":73},"12":{"loc":{"start":{"line":75,"column":2},"end":{"line":75,"column":null}},"type":"if","locations":[{"start":{"line":75,"column":2},"end":{"line":75,"column":null}},{"start":{},"end":{}}],"line":75},"13":{"loc":{"start":{"line":75,"column":6},"end":{"line":75,"column":61}},"type":"binary-expr","locations":[{"start":{"line":75,"column":6},"end":{"line":75,"column":15}},{"start":{"line":75,"column":15},"end":{"line":75,"column":61}}],"line":75},"14":{"loc":{"start":{"line":76,"column":84},"end":{"line":76,"column":109}},"type":"binary-expr","locations":[{"start":{"line":76,"column":84},"end":{"line":76,"column":104}},{"start":{"line":76,"column":104},"end":{"line":76,"column":109}}],"line":76},"15":{"loc":{"start":{"line":85,"column":2},"end":{"line":85,"column":null}},"type":"if","locations":[{"start":{"line":85,"column":2},"end":{"line":85,"column":null}},{"start":{},"end":{}}],"line":85},"16":{"loc":{"start":{"line":87,"column":2},"end":{"line":87,"column":null}},"type":"if","locations":[{"start":{"line":87,"column":2},"end":{"line":87,"column":null}},{"start":{},"end":{}}],"line":87},"17":{"loc":{"start":{"line":87,"column":6},"end":{"line":87,"column":61}},"type":"binary-expr","locations":[{"start":{"line":87,"column":6},"end":{"line":87,"column":15}},{"start":{"line":87,"column":15},"end":{"line":87,"column":61}}],"line":87},"18":{"loc":{"start":{"line":88,"column":84},"end":{"line":88,"column":109}},"type":"binary-expr","locations":[{"start":{"line":88,"column":84},"end":{"line":88,"column":104}},{"start":{"line":88,"column":104},"end":{"line":88,"column":109}}],"line":88},"19":{"loc":{"start":{"line":101,"column":9},"end":{"line":101,"column":null}},"type":"binary-expr","locations":[{"start":{"line":101,"column":9},"end":{"line":101,"column":47}},{"start":{"line":101,"column":47},"end":{"line":101,"column":null}}],"line":101},"20":{"loc":{"start":{"line":108,"column":25},"end":{"line":110,"column":null}},"type":"cond-expr","locations":[{"start":{"line":109,"column":10},"end":{"line":109,"column":null}},{"start":{"line":110,"column":10},"end":{"line":110,"column":null}}],"line":108},"21":{"loc":{"start":{"line":112,"column":6},"end":{"line":117,"column":null}},"type":"if","locations":[{"start":{"line":112,"column":6},"end":{"line":117,"column":null}},{"start":{},"end":{}}],"line":112},"22":{"loc":{"start":{"line":121,"column":6},"end":{"line":123,"column":null}},"type":"if","locations":[{"start":{"line":121,"column":6},"end":{"line":123,"column":null}},{"start":{},"end":{}}],"line":121},"23":{"loc":{"start":{"line":126,"column":6},"end":{"line":131,"column":null}},"type":"if","locations":[{"start":{"line":126,"column":6},"end":{"line":131,"column":null}},{"start":{},"end":{}}],"line":126},"24":{"loc":{"start":{"line":128,"column":26},"end":{"line":128,"column":53}},"type":"cond-expr","locations":[{"start":{"line":128,"column":44},"end":{"line":128,"column":50}},{"start":{"line":128,"column":50},"end":{"line":128,"column":53}}],"line":128},"25":{"loc":{"start":{"line":129,"column":19},"end":{"line":129,"column":null}},"type":"cond-expr","locations":[{"start":{"line":129,"column":37},"end":{"line":129,"column":69}},{"start":{"line":129,"column":69},"end":{"line":129,"column":null}}],"line":129}},"s":{"0":78,"1":19,"2":19,"3":3,"4":16,"5":18,"6":18,"7":0,"8":18,"9":18,"10":18,"11":18,"12":78,"13":78,"14":78,"15":78,"16":78,"17":78,"18":0,"19":0,"20":0,"21":0,"22":0,"23":0,"24":0,"25":0,"26":0,"27":0,"28":0,"29":80,"30":80,"31":6,"32":74,"33":76,"34":76,"35":0,"36":76,"37":76,"38":1,"39":75,"40":6,"41":6,"42":6,"43":0,"44":0,"45":0,"46":0,"47":74,"48":18,"49":2,"50":80,"51":80,"52":80,"53":80,"54":74,"55":74,"56":74,"57":74,"58":6,"59":0,"60":6,"61":6,"62":6,"63":6,"64":0,"65":0,"66":0,"67":0,"68":0,"69":2},"f":{"0":78,"1":19,"2":18,"3":78,"4":80,"5":76,"6":6,"7":74,"8":18,"9":2,"10":80,"11":2},"b":{"0":[78,78,0],"1":[3,16],"2":[0,18],"3":[78,0],"4":[78,0],"5":[0,0],"6":[0,0],"7":[0,0],"8":[0,0],"9":[6,74],"10":[80,74],"11":[0,76],"12":[1,75],"13":[76,76],"14":[75,0],"15":[6,0],"16":[0,0],"17":[0,0],"18":[0,0],"19":[18,3],"20":[74,6],"21":[74,6],"22":[0,6],"23":[6,0],"24":[6,0],"25":[6,0]},"meta":{"lastBranch":26,"lastFunction":12,"lastStatement":70,"seen":{"f:23:9:23:40":0,"s:24:2:24:Infinity":0,"b:24:9:24:44:24:44:24:70:24:70:24:Infinity":0,"f:27:16:27:29":1,"s:28:14:28:Infinity":1,"b:29:2:29:Infinity:undefined:undefined:undefined:undefined":1,"s:29:2:29:Infinity":2,"s:29:12:29:Infinity":3,"s:30:2:37:Infinity":4,"f:30:55:30:56":2,"s:31:16:31:Infinity":5,"b:32:4:32:Infinity:undefined:undefined:undefined:undefined":2,"s:32:4:32:Infinity":6,"s:32:20:32:Infinity":7,"s:33:16:33:Infinity":8,"s:34:18:34:Infinity":9,"s:35:4:35:Infinity":10,"s:36:4:36:Infinity":11,"f:40:22:40:42":3,"s:41:17:41:Infinity":12,"b:42:2:47:Infinity:undefined:undefined:undefined:undefined":3,"s:42:2:47:Infinity":13,"s:43:4:46:Infinity":14,"s:44:22:44:Infinity":15,"b:45:6:45:Infinity:undefined:undefined:undefined:undefined":4,"s:45:6:45:Infinity":16,"s:45:23:45:Infinity":17,"s:49:22:49:Infinity":18,"b:50:2:50:Infinity:undefined:undefined:undefined:undefined":5,"s:50:2:50:Infinity":19,"s:50:20:50:Infinity":20,"s:52:2:60:Infinity":21,"s:53:17:56:Infinity":22,"b:55:59:55:97:55:97:55:100":6,"b:57:4:57:Infinity:undefined:undefined:undefined:undefined":7,"s:57:4:57:Infinity":23,"s:57:18:57:Infinity":24,"s:58:17:58:Infinity":25,"b:59:4:59:Infinity:undefined:undefined:undefined:undefined":8,"s:59:4:59:Infinity":26,"s:59:18:59:Infinity":27,"s:62:2:62:Infinity":28,"f:65:9:65:24":4,"s:66:21:66:Infinity":29,"b:67:2:67:Infinity:undefined:undefined:undefined:undefined":9,"s:67:2:67:Infinity":30,"b:67:6:67:21:67:21:67:56":10,"s:67:56:67:Infinity":31,"s:68:2:68:Infinity":32,"f:71:15:71:41":5,"s:72:18:72:Infinity":33,"b:73:2:73:Infinity:undefined:undefined:undefined:undefined":11,"s:73:2:73:Infinity":34,"s:73:21:73:Infinity":35,"s:74:15:74:Infinity":36,"b:75:2:75:Infinity:undefined:undefined:undefined:undefined":12,"s:75:2:75:Infinity":37,"b:75:6:75:15:75:15:75:61":13,"s:75:61:75:Infinity":38,"s:76:2:76:Infinity":39,"b:76:84:76:104:76:104:76:109":14,"f:79:15:79:Infinity":6,"s:84:20:84:Infinity":40,"b:85:2:85:Infinity:undefined:undefined:undefined:undefined":15,"s:85:2:85:Infinity":41,"s:85:18:85:Infinity":42,"s:86:15:86:Infinity":43,"b:87:2:87:Infinity:undefined:undefined:undefined:undefined":16,"s:87:2:87:Infinity":44,"b:87:6:87:15:87:15:87:61":17,"s:87:61:87:Infinity":45,"s:88:2:88:Infinity":46,"b:88:84:88:104:88:104:88:109":18,"f:91:9:91:33":7,"s:92:3:97:Infinity":47,"f:100:16:100:37":8,"s:101:2:101:Infinity":48,"b:101:9:101:47:101:47:101:Infinity":19,"f:104:16:104:37":9,"s:105:2:140:Infinity":49,"f:105:9:105:16":10,"s:106:4:139:Infinity":50,"s:107:26:107:Infinity":51,"s:108:25:110:Infinity":52,"b:109:10:109:Infinity:110:10:110:Infinity":20,"b:112:6:117:Infinity:undefined:undefined:undefined:undefined":21,"s:112:6:117:Infinity":53,"s:113:8:113:Infinity":54,"s:114:9:114:Infinity":55,"s:115:9:115:Infinity":56,"s:116:8:116:Infinity":57,"b:121:6:123:Infinity:undefined:undefined:undefined:undefined":22,"s:121:6:123:Infinity":58,"s:122:8:122:Infinity":59,"s:125:25:125:Infinity":60,"b:126:6:131:Infinity:undefined:undefined:undefined:undefined":23,"s:126:6:131:Infinity":61,"s:127:32:127:Infinity":62,"s:128:8:130:Infinity":63,"b:128:44:128:50:128:50:128:53":24,"b:129:37:129:69:129:69:129:Infinity":25,"s:133:6:133:Infinity":64,"s:134:7:134:Infinity":65,"s:135:7:135:Infinity":66,"s:136:6:136:Infinity":67,"s:138:6:138:Infinity":68,"f:143:22:143:50":11,"s:144:2:144:Infinity":69}}}
,"/home/user/Math-Quiz-Hub/server/bootstrap.ts": {"path":"/home/user/Math-Quiz-Hub/server/bootstrap.ts","statementMap":{"0":{"start":{"line":3,"column":26},"end":{"line":34,"column":null}},"1":{"start":{"line":37,"column":8},"end":{"line":42,"column":null}},"2":{"start":{"line":44,"column":2},"end":{"line":44,"column":null}},"3":{"start":{"line":48,"column":17},"end":{"line":48,"column":null}},"4":{"start":{"line":49,"column":2},"end":{"line":49,"column":null}},"5":{"start":{"line":49,"column":15},"end":{"line":49,"column":null}},"6":{"start":{"line":51,"column":2},"end":{"line":64,"column":null}},"7":{"start":{"line":52,"column":4},"end":{"line":60,"column":null}},"8":{"start":{"line":53,"column":6},"end":{"line":59,"column":null}},"9":{"start":{"line":54,"column":8},"end":{"line":54,"column":null}},"10":{"start":{"line":58,"column":8},"end":{"line":58,"column":null}},"11":{"start":{"line":61,"column":4},"end":{"line":61,"column":null}},"12":{"start":{"line":63,"column":4},"end":{"line":63,"column":null}}},"fnMap":{"0":{"name":"logBootstrap","decl":{"start":{"line":36,"column":9},"end":{"line":36,"column":22}},"loc":{"start":{"line":36,"column":39},"end":{"line":45,"column":null}},"line":36},"1":{"name":"applyBootstrapMigrations","decl":{"start":{"line":47,"column":22},"end":{"line":47,"column":49}},"loc":{"start":{"line":47,"column":49},"end":{"line":65,"column":null}},"line":47}},"branchMap":{"0":{"loc":{"start":{"line":48,"column":17},"end":{"line":48,"column":null}},"type":"cond-expr","locations":[{"start":{"line":48,"column":24},"end":{"line":48,"column":47}},{"start":{"line":48,"column":47},"end":{"line":48,"column":null}}],"line":48},"1":{"loc":{"start":{"line":49,"column":2},"end":{"line":49,"column":null}},"type":"if","locations":[{"start":{"line":49,"column":2},"end":{"line":49,"column":null}},{"start":{},"end":{}}],"line":49}},"s":{"0":0,"1":0,"2":0,"3":0,"4":0,"5":0,"6":0,"7":0,"8":0,"9":0,"10":0,"11":0,"12":0},"f":{"0":0,"1":0},"b":{"0":[0,0],"1":[0,0]},"meta":{"lastBranch":2,"lastFunction":2,"lastStatement":13,"seen":{"s:3:26:34:Infinity":0,"f:36:9:36:22":0,"s:37:8:42:Infinity":1,"s:44:2:44:Infinity":2,"f:47:22:47:49":1,"s:48:17:48:Infinity":3,"b:48:24:48:47:48:47:48:Infinity":0,"b:49:2:49:Infinity:undefined:undefined:undefined:undefined":1,"s:49:2:49:Infinity":4,"s:49:15:49:Infinity":5,"s:51:2:64:Infinity":6,"s:52:4:60:Infinity":7,"s:53:6:59:Infinity":8,"s:54:8:54:Infinity":9,"s:58:8:58:Infinity":10,"s:61:4:61:Infinity":11,"s:63:4:63:Infinity":12}}}
,"/home/user/Math-Quiz-Hub/server/db.ts": {"path":"/home/user/Math-Quiz-Hub/server/db.ts","statementMap":{"0":{"start":{"line":6,"column":16},"end":{"line":6,"column":null}},"1":{"start":{"line":7,"column":2},"end":{"line":7,"column":null}},"2":{"start":{"line":11,"column":2},"end":{"line":11,"column":null}},"3":{"start":{"line":15,"column":17},"end":{"line":15,"column":null}},"4":{"start":{"line":16,"column":27},"end":{"line":16,"column":null}},"5":{"start":{"line":17,"column":2},"end":{"line":23,"column":null}},"6":{"start":{"line":26,"column":34},"end":{"line":26,"column":null}},"7":{"start":{"line":27,"column":66},"end":{"line":27,"column":null}},"8":{"start":{"line":30,"column":14},"end":{"line":30,"column":null}},"9":{"start":{"line":31,"column":2},"end":{"line":36,"column":null}},"10":{"start":{"line":32,"column":4},"end":{"line":32,"column":null}},"11":{"start":{"line":33,"column":4},"end":{"line":33,"column":null}},"12":{"start":{"line":34,"column":4},"end":{"line":34,"column":null}},"13":{"start":{"line":35,"column":4},"end":{"line":35,"column":null}},"14":{"start":{"line":38,"column":2},"end":{"line":50,"column":null}},"15":{"start":{"line":39,"column":14},"end":{"line":39,"column":null}},"16":{"start":{"line":40,"column":4},"end":{"line":40,"column":null}},"17":{"start":{"line":41,"column":17},"end":{"line":41,"column":null}},"18":{"start":{"line":42,"column":4},"end":{"line":42,"column":null}},"19":{"start":{"line":43,"column":4},"end":{"line":43,"column":null}},"20":{"start":{"line":44,"column":4},"end":{"line":44,"column":null}},"21":{"start":{"line":46,"column":17},"end":{"line":46,"column":null}},"22":{"start":{"line":47,"column":4},"end":{"line":47,"column":null}},"23":{"start":{"line":48,"column":4},"end":{"line":48,"column":null}},"24":{"start":{"line":49,"column":4},"end":{"line":49,"column":null}}},"fnMap":{"0":{"name":"shouldUseSsl","decl":{"start":{"line":5,"column":9},"end":{"line":5,"column":22}},"loc":{"start":{"line":5,"column":44},"end":{"line":8,"column":null}},"line":5},"1":{"name":"stripSslMode","decl":{"start":{"line":10,"column":9},"end":{"line":10,"column":22}},"loc":{"start":{"line":10,"column":43},"end":{"line":12,"column":null}},"line":10},"2":{"name":"createPool","decl":{"start":{"line":14,"column":9},"end":{"line":14,"column":20}},"loc":{"start":{"line":14,"column":45},"end":{"line":24,"column":null}},"line":14},"3":{"name":"connectDb","decl":{"start":{"line":29,"column":22},"end":{"line":29,"column":34}},"loc":{"start":{"line":29,"column":34},"end":{"line":51,"column":null}},"line":29}},"branchMap":{"0":{"loc":{"start":{"line":7,"column":9},"end":{"line":7,"column":null}},"type":"binary-expr","locations":[{"start":{"line":7,"column":9},"end":{"line":7,"column":42}},{"start":{"line":7,"column":42},"end":{"line":7,"column":79}},{"start":{"line":7,"column":79},"end":{"line":7,"column":null}}],"line":7},"1":{"loc":{"start":{"line":16,"column":27},"end":{"line":16,"column":null}},"type":"cond-expr","locations":[{"start":{"line":16,"column":36},"end":{"line":16,"column":59}},{"start":{"line":16,"column":59},"end":{"line":16,"column":null}}],"line":16},"2":{"loc":{"start":{"line":19,"column":9},"end":{"line":19,"column":null}},"type":"cond-expr","locations":[{"start":{"line":19,"column":18},"end":{"line":19,"column":50}},{"start":{"line":19,"column":50},"end":{"line":19,"column":null}}],"line":19},"3":{"loc":{"start":{"line":20,"column":16},"end":{"line":20,"column":45}},"type":"binary-expr","locations":[{"start":{"line":20,"column":16},"end":{"line":20,"column":43}},{"start":{"line":20,"column":43},"end":{"line":20,"column":45}}],"line":20},"4":{"loc":{"start":{"line":21,"column":36},"end":{"line":21,"column":78}},"type":"binary-expr","locations":[{"start":{"line":21,"column":36},"end":{"line":21,"column":73}},{"start":{"line":21,"column":73},"end":{"line":21,"column":78}}],"line":21},"5":{"loc":{"start":{"line":22,"column":30},"end":{"line":22,"column":69}},"type":"binary-expr","locations":[{"start":{"line":22,"column":30},"end":{"line":22,"column":64}},{"start":{"line":22,"column":64},"end":{"line":22,"column":69}}],"line":22},"6":{"loc":{"start":{"line":31,"column":2},"end":{"line":36,"column":null}},"type":"if","locations":[{"start":{"line":31,"column":2},"end":{"line":36,"column":null}},{"start":{},"end":{}}],"line":31},"7":{"loc":{"start":{"line":41,"column":17},"end":{"line":41,"column":null}},"type":"binary-expr","locations":[{"start":{"line":41,"column":17},"end":{"line":41,"column":53}},{"start":{"line":41,"column":53},"end":{"line":41,"column":null}}],"line":41},"8":{"loc":{"start":{"line":46,"column":17},"end":{"line":46,"column":null}},"type":"binary-expr","locations":[{"start":{"line":46,"column":17},"end":{"line":46,"column":53}},{"start":{"line":46,"column":53},"end":{"line":46,"column":null}}],"line":46}},"s":{"0":0,"1":0,"2":0,"3":0,"4":0,"5":0,"6":0,"7":0,"8":0,"9":0,"10":0,"11":0,"12":0,"13":0,"14":0,"15":0,"16":0,"17":0,"18":0,"19":0,"20":0,"21":0,"22":0,"23":0,"24":0},"f":{"0":0,"1":0,"2":0,"3":0},"b":{"0":[0,0,0],"1":[0,0],"2":[0,0],"3":[0,0],"4":[0,0],"5":[0,0],"6":[0,0],"7":[0,0],"8":[0,0]},"meta":{"lastBranch":9,"lastFunction":4,"lastStatement":25,"seen":{"f:5:9:5:22":0,"s:6:16:6:Infinity":0,"s:7:2:7:Infinity":1,"b:7:9:7:42:7:42:7:79:7:79:7:Infinity":0,"f:10:9:10:22":1,"s:11:2:11:Infinity":2,"f:14:9:14:20":2,"s:15:17:15:Infinity":3,"s:16:27:16:Infinity":4,"b:16:36:16:59:16:59:16:Infinity":1,"s:17:2:23:Infinity":5,"b:19:18:19:50:19:50:19:Infinity":2,"b:20:16:20:43:20:43:20:45":3,"b:21:36:21:73:21:73:21:78":4,"b:22:30:22:64:22:64:22:69":5,"s:26:34:26:Infinity":6,"s:27:66:27:Infinity":7,"f:29:22:29:34":3,"s:30:14:30:Infinity":8,"b:31:2:36:Infinity:undefined:undefined:undefined:undefined":6,"s:31:2:36:Infinity":9,"s:32:4:32:Infinity":10,"s:33:4:33:Infinity":11,"s:34:4:34:Infinity":12,"s:35:4:35:Infinity":13,"s:38:2:50:Infinity":14,"s:39:14:39:Infinity":15,"s:40:4:40:Infinity":16,"s:41:17:41:Infinity":17,"b:41:17:41:53:41:53:41:Infinity":7,"s:42:4:42:Infinity":18,"s:43:4:43:Infinity":19,"s:44:4:44:Infinity":20,"s:46:17:46:Infinity":21,"b:46:17:46:53:46:53:46:Infinity":8,"s:47:4:47:Infinity":22,"s:48:4:48:Infinity":23,"s:49:4:49:Infinity":24}}}
,"/home/user/Math-Quiz-Hub/server/routes.ts": {"path":"/home/user/Math-Quiz-Hub/server/routes.ts","statementMap":{"0":{"start":{"line":23,"column":2},"end":{"line":23,"column":null}},"1":{"start":{"line":23,"column":39},"end":{"line":23,"column":null}},"2":{"start":{"line":24,"column":12},"end":{"line":24,"column":null}},"3":{"start":{"line":26,"column":19},"end":{"line":29,"column":null}},"4":{"start":{"line":27,"column":14},"end":{"line":27,"column":null}},"5":{"start":{"line":28,"column":4},"end":{"line":28,"column":null}},"6":{"start":{"line":30,"column":19},"end":{"line":34,"column":null}},"7":{"start":{"line":31,"column":4},"end":{"line":31,"column":null}},"8":{"start":{"line":31,"column":31},"end":{"line":31,"column":null}},"9":{"start":{"line":32,"column":20},"end":{"line":32,"column":null}},"10":{"start":{"line":33,"column":4},"end":{"line":33,"column":null}},"11":{"start":{"line":37,"column":25},"end":{"line":66,"column":null}},"12":{"start":{"line":38,"column":27},"end":{"line":38,"column":null}},"13":{"start":{"line":39,"column":4},"end":{"line":56,"column":null}},"14":{"start":{"line":40,"column":6},"end":{"line":40,"column":null}},"15":{"start":{"line":40,"column":31},"end":{"line":40,"column":45}},"16":{"start":{"line":40,"column":74},"end":{"line":40,"column":84}},"17":{"start":{"line":41,"column":4},"end":{"line":56,"column":null}},"18":{"start":{"line":42,"column":18},"end":{"line":42,"column":null}},"19":{"start":{"line":43,"column":22},"end":{"line":52,"column":null}},"20":{"start":{"line":51,"column":23},"end":{"line":51,"column":37}},"21":{"start":{"line":52,"column":36},"end":{"line":52,"column":46}},"22":{"start":{"line":53,"column":6},"end":{"line":55,"column":null}},"23":{"start":{"line":55,"column":43},"end":{"line":55,"column":57}},"24":{"start":{"line":55,"column":86},"end":{"line":55,"column":96}},"25":{"start":{"line":57,"column":4},"end":{"line":57,"column":null}},"26":{"start":{"line":57,"column":27},"end":{"line":57,"column":null}},"27":{"start":{"line":58,"column":13},"end":{"line":58,"column":null}},"28":{"start":{"line":59,"column":13},"end":{"line":59,"column":null}},"29":{"start":{"line":60,"column":4},"end":{"line":63,"column":null}},"30":{"start":{"line":61,"column":6},"end":{"line":61,"column":null}},"31":{"start":{"line":62,"column":6},"end":{"line":62,"column":null}},"32":{"start":{"line":64,"column":4},"end":{"line":64,"column":null}},"33":{"start":{"line":64,"column":17},"end":{"line":64,"column":null}},"34":{"start":{"line":65,"column":4},"end":{"line":65,"column":null}},"35":{"start":{"line":68,"column":17},"end":{"line":68,"column":null}},"36":{"start":{"line":69,"column":17},"end":{"line":69,"column":null}},"37":{"start":{"line":70,"column":2},"end":{"line":70,"column":null}},"38":{"start":{"line":70,"column":26},"end":{"line":70,"column":null}},"39":{"start":{"line":73,"column":22},"end":{"line":73,"column":null}},"40":{"start":{"line":74,"column":25},"end":{"line":74,"column":null}},"41":{"start":{"line":76,"column":4},"end":{"line":80,"column":null}},"42":{"start":{"line":81,"column":60},"end":{"line":85,"column":null}},"43":{"start":{"line":88,"column":20},"end":{"line":96,"column":null}},"44":{"start":{"line":92,"column":10},"end":{"line":92,"column":null}},"45":{"start":{"line":92,"column":41},"end":{"line":92,"column":null}},"46":{"start":{"line":93,"column":10},"end":{"line":93,"column":null}},"47":{"start":{"line":93,"column":50},"end":{"line":93,"column":null}},"48":{"start":{"line":94,"column":10},"end":{"line":94,"column":null}},"49":{"start":{"line":97,"column":17},"end":{"line":116,"column":null}},"50":{"start":{"line":100,"column":8},"end":{"line":100,"column":null}},"51":{"start":{"line":100,"column":35},"end":{"line":100,"column":null}},"52":{"start":{"line":101,"column":8},"end":{"line":101,"column":null}},"53":{"start":{"line":101,"column":41},"end":{"line":101,"column":null}},"54":{"start":{"line":102,"column":22},"end":{"line":102,"column":null}},"55":{"start":{"line":104,"column":10},"end":{"line":107,"column":null}},"56":{"start":{"line":108,"column":8},"end":{"line":108,"column":null}},"57":{"start":{"line":108,"column":28},"end":{"line":108,"column":null}},"58":{"start":{"line":109,"column":8},"end":{"line":113,"column":null}},"59":{"start":{"line":115,"column":80},"end":{"line":115,"column":90}},"60":{"start":{"line":119,"column":19},"end":{"line":119,"column":null}},"61":{"start":{"line":120,"column":20},"end":{"line":126,"column":null}},"62":{"start":{"line":127,"column":17},"end":{"line":143,"column":null}},"63":{"start":{"line":129,"column":6},"end":{"line":134,"column":null}},"64":{"start":{"line":130,"column":18},"end":{"line":130,"column":null}},"65":{"start":{"line":131,"column":18},"end":{"line":131,"column":null}},"66":{"start":{"line":132,"column":8},"end":{"line":132,"column":null}},"67":{"start":{"line":132,"column":38},"end":{"line":132,"column":null}},"68":{"start":{"line":133,"column":8},"end":{"line":133,"column":null}},"69":{"start":{"line":135,"column":6},"end":{"line":135,"column":null}},"70":{"start":{"line":135,"column":47},"end":{"line":135,"column":null}},"71":{"start":{"line":136,"column":16},"end":{"line":136,"column":null}},"72":{"start":{"line":137,"column":16},"end":{"line":137,"column":null}},"73":{"start":{"line":138,"column":16},"end":{"line":138,"column":null}},"74":{"start":{"line":139,"column":6},"end":{"line":139,"column":null}},"75":{"start":{"line":139,"column":36},"end":{"line":139,"column":null}},"76":{"start":{"line":140,"column":20},"end":{"line":140,"column":null}},"77":{"start":{"line":141,"column":6},"end":{"line":141,"column":null}},"78":{"start":{"line":143,"column":66},"end":{"line":143,"column":76}},"79":{"start":{"line":144,"column":2},"end":{"line":144,"column":null}},"80":{"start":{"line":144,"column":89},"end":{"line":144,"column":null}},"81":{"start":{"line":148,"column":4},"end":{"line":151,"column":null}},"82":{"start":{"line":153,"column":20},"end":{"line":153,"column":null}},"83":{"start":{"line":154,"column":21},"end":{"line":157,"column":null}},"84":{"start":{"line":159,"column":32},"end":{"line":159,"column":null}},"85":{"start":{"line":160,"column":23},"end":{"line":160,"column":null}},"86":{"start":{"line":161,"column":19},"end":{"line":161,"column":null}},"87":{"start":{"line":162,"column":28},"end":{"line":174,"column":null}},"88":{"start":{"line":165,"column":8},"end":{"line":165,"column":null}},"89":{"start":{"line":165,"column":49},"end":{"line":165,"column":null}},"90":{"start":{"line":166,"column":18},"end":{"line":166,"column":null}},"91":{"start":{"line":167,"column":18},"end":{"line":167,"column":null}},"92":{"start":{"line":168,"column":18},"end":{"line":168,"column":null}},"93":{"start":{"line":169,"column":8},"end":{"line":169,"column":null}},"94":{"start":{"line":169,"column":38},"end":{"line":169,"column":null}},"95":{"start":{"line":170,"column":22},"end":{"line":170,"column":null}},"96":{"start":{"line":171,"column":8},"end":{"line":171,"column":null}},"97":{"start":{"line":173,"column":66},"end":{"line":173,"column":76}},"98":{"start":{"line":175,"column":18},"end":{"line":175,"column":null}},"99":{"start":{"line":176,"column":21},"end":{"line":180,"column":null}},"100":{"start":{"line":181,"column":22},"end":{"line":181,"column":null}},"101":{"start":{"line":183,"column":4},"end":{"line":195,"column":null}},"102":{"start":{"line":196,"column":24},"end":{"line":196,"column":null}},"103":{"start":{"line":197,"column":21},"end":{"line":203,"column":null}},"104":{"start":{"line":204,"column":20},"end":{"line":214,"column":null}},"105":{"start":{"line":206,"column":26},"end":{"line":212,"column":8}},"106":{"start":{"line":213,"column":23},"end":{"line":213,"column":136}},"107":{"start":{"line":216,"column":19},"end":{"line":248,"column":null}},"108":{"start":{"line":233,"column":25},"end":{"line":233,"column":null}},"109":{"start":{"line":234,"column":6},"end":{"line":234,"column":null}},"110":{"start":{"line":234,"column":23},"end":{"line":234,"column":null}},"111":{"start":{"line":235,"column":74},"end":{"line":244,"column":null}},"112":{"start":{"line":245,"column":6},"end":{"line":245,"column":null}},"113":{"start":{"line":250,"column":17},"end":{"line":250,"column":null}},"114":{"start":{"line":251,"column":2},"end":{"line":251,"column":null}},"115":{"start":{"line":254,"column":6},"end":{"line":259,"column":null}},"116":{"start":{"line":261,"column":26},"end":{"line":261,"column":null}},"117":{"start":{"line":262,"column":20},"end":{"line":262,"column":null}},"118":{"start":{"line":282,"column":19},"end":{"line":282,"column":null}},"119":{"start":{"line":283,"column":35},"end":{"line":283,"column":null}},"120":{"start":{"line":284,"column":30},"end":{"line":292,"column":null}},"121":{"start":{"line":295,"column":2},"end":{"line":295,"column":null}},"122":{"start":{"line":299,"column":2},"end":{"line":299,"column":null}},"123":{"start":{"line":303,"column":2},"end":{"line":303,"column":null}},"124":{"start":{"line":307,"column":2},"end":{"line":307,"column":null}},"125":{"start":{"line":311,"column":2},"end":{"line":311,"column":null}},"126":{"start":{"line":323,"column":2},"end":{"line":343,"column":null}},"127":{"start":{"line":324,"column":16},"end":{"line":324,"column":null}},"128":{"start":{"line":325,"column":24},"end":{"line":325,"column":null}},"129":{"start":{"line":327,"column":19},"end":{"line":327,"column":null}},"130":{"start":{"line":328,"column":6},"end":{"line":331,"column":null}},"131":{"start":{"line":329,"column":20},"end":{"line":329,"column":null}},"132":{"start":{"line":330,"column":8},"end":{"line":330,"column":null}},"133":{"start":{"line":330,"column":59},"end":{"line":330,"column":null}},"134":{"start":{"line":332,"column":6},"end":{"line":332,"column":null}},"135":{"start":{"line":335,"column":23},"end":{"line":335,"column":null}},"136":{"start":{"line":335,"column":52},"end":{"line":335,"column":57}},"137":{"start":{"line":336,"column":6},"end":{"line":336,"column":null}},"138":{"start":{"line":336,"column":38},"end":{"line":336,"column":54}},"139":{"start":{"line":339,"column":6},"end":{"line":339,"column":null}},"140":{"start":{"line":339,"column":47},"end":{"line":339,"column":null}},"141":{"start":{"line":340,"column":6},"end":{"line":340,"column":null}},"142":{"start":{"line":340,"column":36},"end":{"line":340,"column":52}},"143":{"start":{"line":342,"column":13},"end":{"line":342,"column":null}},"144":{"start":{"line":348,"column":2},"end":{"line":348,"column":null}},"145":{"start":{"line":352,"column":34},"end":{"line":352,"column":null}},"146":{"start":{"line":434,"column":12},"end":{"line":434,"column":null}},"147":{"start":{"line":435,"column":2},"end":{"line":438,"column":null}},"148":{"start":{"line":435,"column":15},"end":{"line":435,"column":29}},"149":{"start":{"line":436,"column":14},"end":{"line":436,"column":null}},"150":{"start":{"line":437,"column":4},"end":{"line":437,"column":null}},"151":{"start":{"line":439,"column":2},"end":{"line":439,"column":null}},"152":{"start":{"line":444,"column":13},"end":{"line":444,"column":null}},"153":{"start":{"line":445,"column":2},"end":{"line":450,"column":null}},"154":{"start":{"line":446,"column":17},"end":{"line":446,"column":null}},"155":{"start":{"line":447,"column":4},"end":{"line":449,"column":null}},"156":{"start":{"line":447,"column":29},"end":{"line":447,"column":47}},"157":{"start":{"line":448,"column":31},"end":{"line":448,"column":38}},"158":{"start":{"line":451,"column":2},"end":{"line":451,"column":null}},"159":{"start":{"line":451,"column":47},"end":{"line":451,"column":null}},"160":{"start":{"line":452,"column":2},"end":{"line":452,"column":null}},"161":{"start":{"line":454,"column":15},"end":{"line":454,"column":null}},"162":{"start":{"line":455,"column":2},"end":{"line":455,"column":null}},"163":{"start":{"line":455,"column":13},"end":{"line":455,"column":null}},"164":{"start":{"line":457,"column":22},"end":{"line":457,"column":null}},"165":{"start":{"line":458,"column":16},"end":{"line":458,"column":null}},"166":{"start":{"line":460,"column":22},"end":{"line":460,"column":null}},"167":{"start":{"line":461,"column":2},"end":{"line":461,"column":null}},"168":{"start":{"line":461,"column":37},"end":{"line":461,"column":null}},"169":{"start":{"line":465,"column":2},"end":{"line":465,"column":null}},"170":{"start":{"line":469,"column":50},"end":{"line":469,"column":null}},"171":{"start":{"line":470,"column":69},"end":{"line":470,"column":null}},"172":{"start":{"line":471,"column":2},"end":{"line":478,"column":null}},"173":{"start":{"line":472,"column":21},"end":{"line":472,"column":null}},"174":{"start":{"line":473,"column":4},"end":{"line":476,"column":null}},"175":{"start":{"line":474,"column":6},"end":{"line":474,"column":null}},"176":{"start":{"line":475,"column":6},"end":{"line":475,"column":null}},"177":{"start":{"line":482,"column":2},"end":{"line":494,"column":null}},"178":{"start":{"line":497,"column":6},"end":{"line":502,"column":null}},"179":{"start":{"line":504,"column":6},"end":{"line":509,"column":null}},"180":{"start":{"line":511,"column":6},"end":{"line":516,"column":null}},"181":{"start":{"line":518,"column":6},"end":{"line":523,"column":null}},"182":{"start":{"line":525,"column":6},"end":{"line":530,"column":null}},"183":{"start":{"line":532,"column":6},"end":{"line":537,"column":null}},"184":{"start":{"line":539,"column":6},"end":{"line":559,"column":null}},"185":{"start":{"line":542,"column":18},"end":{"line":542,"column":null}},"186":{"start":{"line":543,"column":6},"end":{"line":543,"column":null}},"187":{"start":{"line":543,"column":31},"end":{"line":543,"column":null}},"188":{"start":{"line":544,"column":6},"end":{"line":544,"column":null}},"189":{"start":{"line":547,"column":18},"end":{"line":547,"column":null}},"190":{"start":{"line":548,"column":6},"end":{"line":548,"column":null}},"191":{"start":{"line":553,"column":4},"end":{"line":556,"column":null}},"192":{"start":{"line":554,"column":6},"end":{"line":554,"column":null}},"193":{"start":{"line":555,"column":6},"end":{"line":555,"column":null}},"194":{"start":{"line":557,"column":4},"end":{"line":557,"column":null}},"195":{"start":{"line":561,"column":6},"end":{"line":561,"column":null}},"196":{"start":{"line":564,"column":26},"end":{"line":564,"column":null}},"197":{"start":{"line":567,"column":17},"end":{"line":567,"column":null}},"198":{"start":{"line":568,"column":2},"end":{"line":568,"column":null}},"199":{"start":{"line":568,"column":15},"end":{"line":568,"column":null}},"200":{"start":{"line":569,"column":2},"end":{"line":569,"column":null}},"201":{"start":{"line":573,"column":2},"end":{"line":573,"column":null}},"202":{"start":{"line":577,"column":2},"end":{"line":577,"column":null}},"203":{"start":{"line":581,"column":2},"end":{"line":581,"column":null}},"204":{"start":{"line":585,"column":57},"end":{"line":585,"column":null}},"205":{"start":{"line":586,"column":2},"end":{"line":588,"column":null}},"206":{"start":{"line":587,"column":4},"end":{"line":587,"column":null}},"207":{"start":{"line":589,"column":21},"end":{"line":589,"column":null}},"208":{"start":{"line":590,"column":2},"end":{"line":592,"column":null}},"209":{"start":{"line":591,"column":4},"end":{"line":591,"column":null}},"210":{"start":{"line":593,"column":20},"end":{"line":593,"column":null}},"211":{"start":{"line":594,"column":18},"end":{"line":594,"column":null}},"212":{"start":{"line":595,"column":19},"end":{"line":595,"column":null}},"213":{"start":{"line":596,"column":2},"end":{"line":598,"column":null}},"214":{"start":{"line":597,"column":4},"end":{"line":597,"column":null}},"215":{"start":{"line":599,"column":2},"end":{"line":599,"column":null}},"216":{"start":{"line":603,"column":8},"end":{"line":603,"column":null}},"217":{"start":{"line":604,"column":2},"end":{"line":609,"column":null}},"218":{"start":{"line":605,"column":4},"end":{"line":608,"column":null}},"219":{"start":{"line":606,"column":6},"end":{"line":606,"column":null}},"220":{"start":{"line":607,"column":6},"end":{"line":607,"column":null}},"221":{"start":{"line":611,"column":21},"end":{"line":611,"column":null}},"222":{"start":{"line":612,"column":2},"end":{"line":623,"column":null}},"223":{"start":{"line":613,"column":22},"end":{"line":613,"column":null}},"224":{"start":{"line":614,"column":4},"end":{"line":622,"column":null}},"225":{"start":{"line":616,"column":8},"end":{"line":616,"column":null}},"226":{"start":{"line":616,"column":19},"end":{"line":616,"column":null}},"227":{"start":{"line":617,"column":9},"end":{"line":617,"column":null}},"228":{"start":{"line":618,"column":9},"end":{"line":618,"column":null}},"229":{"start":{"line":619,"column":9},"end":{"line":619,"column":null}},"230":{"start":{"line":620,"column":8},"end":{"line":620,"column":null}},"231":{"start":{"line":622,"column":19},"end":{"line":622,"column":68}},"232":{"start":{"line":625,"column":2},"end":{"line":625,"column":null}},"233":{"start":{"line":628,"column":27},"end":{"line":628,"column":null}},"234":{"start":{"line":630,"column":26},"end":{"line":630,"column":null}},"235":{"start":{"line":633,"column":2},"end":{"line":633,"column":null}},"236":{"start":{"line":633,"column":63},"end":{"line":633,"column":null}},"237":{"start":{"line":634,"column":17},"end":{"line":634,"column":null}},"238":{"start":{"line":635,"column":2},"end":{"line":635,"column":null}},"239":{"start":{"line":638,"column":6},"end":{"line":645,"column":null}},"240":{"start":{"line":647,"column":6},"end":{"line":654,"column":null}},"241":{"start":{"line":664,"column":21},"end":{"line":664,"column":null}},"242":{"start":{"line":665,"column":2},"end":{"line":667,"column":null}},"243":{"start":{"line":666,"column":4},"end":{"line":666,"column":null}},"244":{"start":{"line":669,"column":16},"end":{"line":669,"column":null}},"245":{"start":{"line":671,"column":2},"end":{"line":688,"column":null}},"246":{"start":{"line":672,"column":4},"end":{"line":674,"column":null}},"247":{"start":{"line":673,"column":6},"end":{"line":673,"column":null}},"248":{"start":{"line":676,"column":19},"end":{"line":676,"column":null}},"249":{"start":{"line":677,"column":4},"end":{"line":685,"column":null}},"250":{"start":{"line":678,"column":6},"end":{"line":680,"column":null}},"251":{"start":{"line":679,"column":8},"end":{"line":679,"column":null}},"252":{"start":{"line":681,"column":7},"end":{"line":681,"column":null}},"253":{"start":{"line":682,"column":6},"end":{"line":682,"column":null}},"254":{"start":{"line":684,"column":6},"end":{"line":684,"column":null}},"255":{"start":{"line":687,"column":4},"end":{"line":687,"column":null}},"256":{"start":{"line":691,"column":6},"end":{"line":697,"column":null}},"257":{"start":{"line":699,"column":6},"end":{"line":711,"column":null}},"258":{"start":{"line":715,"column":18},"end":{"line":718,"column":null}},"259":{"start":{"line":719,"column":2},"end":{"line":738,"column":null}},"260":{"start":{"line":720,"column":19},"end":{"line":720,"column":null}},"261":{"start":{"line":721,"column":4},"end":{"line":721,"column":null}},"262":{"start":{"line":721,"column":31},"end":{"line":721,"column":null}},"263":{"start":{"line":723,"column":4},"end":{"line":727,"column":null}},"264":{"start":{"line":724,"column":6},"end":{"line":726,"column":null}},"265":{"start":{"line":725,"column":8},"end":{"line":725,"column":null}},"266":{"start":{"line":728,"column":4},"end":{"line":728,"column":null}},"267":{"start":{"line":730,"column":18},"end":{"line":730,"column":null}},"268":{"start":{"line":731,"column":4},"end":{"line":731,"column":null}},"269":{"start":{"line":731,"column":16},"end":{"line":731,"column":null}},"270":{"start":{"line":732,"column":4},"end":{"line":737,"column":null}},"271":{"start":{"line":733,"column":21},"end":{"line":733,"column":null}},"272":{"start":{"line":734,"column":6},"end":{"line":734,"column":null}},"273":{"start":{"line":736,"column":6},"end":{"line":736,"column":null}},"274":{"start":{"line":757,"column":14},"end":{"line":757,"column":null}},"275":{"start":{"line":758,"column":14},"end":{"line":758,"column":null}},"276":{"start":{"line":759,"column":2},"end":{"line":775,"column":null}},"277":{"start":{"line":759,"column":15},"end":{"line":759,"column":18}},"278":{"start":{"line":760,"column":15},"end":{"line":760,"column":null}},"279":{"start":{"line":761,"column":4},"end":{"line":774,"column":null}},"280":{"start":{"line":762,"column":6},"end":{"line":762,"column":null}},"281":{"start":{"line":762,"column":23},"end":{"line":762,"column":null}},"282":{"start":{"line":763,"column":6},"end":{"line":763,"column":null}},"283":{"start":{"line":764,"column":4},"end":{"line":774,"column":null}},"284":{"start":{"line":765,"column":6},"end":{"line":765,"column":null}},"285":{"start":{"line":766,"column":6},"end":{"line":773,"column":null}},"286":{"start":{"line":767,"column":8},"end":{"line":772,"column":null}},"287":{"start":{"line":768,"column":10},"end":{"line":768,"column":null}},"288":{"start":{"line":771,"column":10},"end":{"line":771,"column":null}},"289":{"start":{"line":776,"column":2},"end":{"line":776,"column":null}},"290":{"start":{"line":780,"column":2},"end":{"line":780,"column":null}},"291":{"start":{"line":780,"column":45},"end":{"line":780,"column":null}},"292":{"start":{"line":781,"column":45},"end":{"line":781,"column":null}},"293":{"start":{"line":782,"column":20},"end":{"line":782,"column":null}},"294":{"start":{"line":783,"column":36},"end":{"line":785,"column":null}},"295":{"start":{"line":788,"column":4},"end":{"line":790,"column":null}},"296":{"start":{"line":792,"column":27},"end":{"line":796,"column":null}},"297":{"start":{"line":798,"column":30},"end":{"line":800,"column":null}},"298":{"start":{"line":799,"column":57},"end":{"line":799,"column":86}},"299":{"start":{"line":803,"column":2},"end":{"line":803,"column":null}},"300":{"start":{"line":803,"column":60},"end":{"line":803,"column":null}},"301":{"start":{"line":805,"column":2},"end":{"line":805,"column":null}},"302":{"start":{"line":809,"column":2},"end":{"line":809,"column":null}},"303":{"start":{"line":810,"column":39},"end":{"line":810,"column":null}},"304":{"start":{"line":813,"column":18},"end":{"line":813,"column":null}},"305":{"start":{"line":816,"column":2},"end":{"line":823,"column":null}},"306":{"start":{"line":817,"column":19},"end":{"line":817,"column":null}},"307":{"start":{"line":818,"column":19},"end":{"line":818,"column":null}},"308":{"start":{"line":819,"column":4},"end":{"line":822,"column":null}},"309":{"start":{"line":820,"column":6},"end":{"line":820,"column":null}},"310":{"start":{"line":821,"column":6},"end":{"line":821,"column":null}},"311":{"start":{"line":826,"column":2},"end":{"line":835,"column":null}},"312":{"start":{"line":827,"column":16},"end":{"line":827,"column":null}},"313":{"start":{"line":828,"column":4},"end":{"line":834,"column":null}},"314":{"start":{"line":829,"column":21},"end":{"line":829,"column":null}},"315":{"start":{"line":830,"column":6},"end":{"line":833,"column":null}},"316":{"start":{"line":831,"column":8},"end":{"line":831,"column":null}},"317":{"start":{"line":832,"column":8},"end":{"line":832,"column":null}},"318":{"start":{"line":838,"column":20},"end":{"line":838,"column":null}},"319":{"start":{"line":839,"column":2},"end":{"line":842,"column":null}},"320":{"start":{"line":840,"column":4},"end":{"line":840,"column":null}},"321":{"start":{"line":841,"column":4},"end":{"line":841,"column":null}},"322":{"start":{"line":844,"column":2},"end":{"line":844,"column":null}},"323":{"start":{"line":845,"column":2},"end":{"line":845,"column":null}},"324":{"start":{"line":849,"column":2},"end":{"line":849,"column":null}},"325":{"start":{"line":849,"column":34},"end":{"line":849,"column":null}},"326":{"start":{"line":850,"column":2},"end":{"line":853,"column":null}},"327":{"start":{"line":851,"column":34},"end":{"line":851,"column":56}},"328":{"start":{"line":852,"column":17},"end":{"line":852,"column":26}},"329":{"start":{"line":860,"column":2},"end":{"line":860,"column":null}},"330":{"start":{"line":860,"column":47},"end":{"line":860,"column":null}},"331":{"start":{"line":861,"column":21},"end":{"line":861,"column":null}},"332":{"start":{"line":862,"column":22},"end":{"line":862,"column":null}},"333":{"start":{"line":862,"column":51},"end":{"line":862,"column":63}},"334":{"start":{"line":863,"column":44},"end":{"line":863,"column":null}},"335":{"start":{"line":865,"column":2},"end":{"line":869,"column":null}},"336":{"start":{"line":866,"column":4},"end":{"line":866,"column":null}},"337":{"start":{"line":866,"column":60},"end":{"line":866,"column":null}},"338":{"start":{"line":867,"column":20},"end":{"line":867,"column":null}},"339":{"start":{"line":868,"column":4},"end":{"line":868,"column":null}},"340":{"start":{"line":868,"column":17},"end":{"line":868,"column":null}},"341":{"start":{"line":871,"column":2},"end":{"line":871,"column":null}},"342":{"start":{"line":881,"column":29},"end":{"line":881,"column":null}},"343":{"start":{"line":882,"column":2},"end":{"line":939,"column":null}},"344":{"start":{"line":883,"column":4},"end":{"line":883,"column":null}},"345":{"start":{"line":885,"column":22},"end":{"line":890,"column":null}},"346":{"start":{"line":886,"column":29},"end":{"line":886,"column":null}},"347":{"start":{"line":887,"column":28},"end":{"line":887,"column":null}},"348":{"start":{"line":888,"column":24},"end":{"line":888,"column":null}},"349":{"start":{"line":889,"column":6},"end":{"line":889,"column":null}},"350":{"start":{"line":892,"column":25},"end":{"line":892,"column":null}},"351":{"start":{"line":901,"column":21},"end":{"line":901,"column":null}},"352":{"start":{"line":902,"column":23},"end":{"line":906,"column":null}},"353":{"start":{"line":915,"column":10},"end":{"line":915,"column":null}},"354":{"start":{"line":917,"column":27},"end":{"line":919,"column":null}},"355":{"start":{"line":918,"column":6},"end":{"line":918,"column":null}},"356":{"start":{"line":918,"column":23},"end":{"line":918,"column":83}},"357":{"start":{"line":921,"column":21},"end":{"line":921,"column":null}},"358":{"start":{"line":923,"column":4},"end":{"line":926,"column":null}},"359":{"start":{"line":928,"column":4},"end":{"line":928,"column":null}},"360":{"start":{"line":930,"column":4},"end":{"line":930,"column":null}},"361":{"start":{"line":931,"column":4},"end":{"line":938,"column":null}},"362":{"start":{"line":932,"column":6},"end":{"line":935,"column":null}},"363":{"start":{"line":937,"column":6},"end":{"line":937,"column":null}},"364":{"start":{"line":943,"column":2},"end":{"line":960,"column":null}},"365":{"start":{"line":944,"column":25},"end":{"line":944,"column":null}},"366":{"start":{"line":945,"column":4},"end":{"line":958,"column":null}},"367":{"start":{"line":946,"column":6},"end":{"line":956,"column":null}},"368":{"start":{"line":947,"column":24},"end":{"line":947,"column":null}},"369":{"start":{"line":948,"column":24},"end":{"line":948,"column":null}},"370":{"start":{"line":949,"column":8},"end":{"line":955,"column":null}},"371":{"start":{"line":957,"column":6},"end":{"line":957,"column":null}},"372":{"start":{"line":959,"column":4},"end":{"line":959,"column":null}},"373":{"start":{"line":962,"column":2},"end":{"line":962,"column":null}},"374":{"start":{"line":963,"column":2},"end":{"line":963,"column":null}},"375":{"start":{"line":964,"column":2},"end":{"line":964,"column":null}},"376":{"start":{"line":965,"column":2},"end":{"line":965,"column":null}},"377":{"start":{"line":966,"column":2},"end":{"line":966,"column":null}},"378":{"start":{"line":967,"column":2},"end":{"line":967,"column":null}},"379":{"start":{"line":968,"column":2},"end":{"line":968,"column":null}},"380":{"start":{"line":970,"column":2},"end":{"line":1009,"column":null}},"381":{"start":{"line":971,"column":4},"end":{"line":1008,"column":null}},"382":{"start":{"line":972,"column":28},"end":{"line":972,"column":null}},"383":{"start":{"line":973,"column":15},"end":{"line":973,"column":null}},"384":{"start":{"line":974,"column":18},"end":{"line":974,"column":null}},"385":{"start":{"line":976,"column":25},"end":{"line":976,"column":null}},"386":{"start":{"line":977,"column":6},"end":{"line":990,"column":null}},"387":{"start":{"line":978,"column":24},"end":{"line":978,"column":null}},"388":{"start":{"line":979,"column":8},"end":{"line":981,"column":null}},"389":{"start":{"line":980,"column":10},"end":{"line":980,"column":null}},"390":{"start":{"line":982,"column":8},"end":{"line":982,"column":null}},"391":{"start":{"line":983,"column":8},"end":{"line":983,"column":null}},"392":{"start":{"line":984,"column":6},"end":{"line":990,"column":null}},"393":{"start":{"line":986,"column":8},"end":{"line":986,"column":null}},"394":{"start":{"line":987,"column":8},"end":{"line":987,"column":null}},"395":{"start":{"line":989,"column":8},"end":{"line":989,"column":null}},"396":{"start":{"line":992,"column":6},"end":{"line":994,"column":null}},"397":{"start":{"line":993,"column":8},"end":{"line":993,"column":null}},"398":{"start":{"line":995,"column":19},"end":{"line":995,"column":null}},"399":{"start":{"line":996,"column":6},"end":{"line":996,"column":null}},"400":{"start":{"line":997,"column":21},"end":{"line":1002,"column":null}},"401":{"start":{"line":1003,"column":19},"end":{"line":1003,"column":null}},"402":{"start":{"line":1004,"column":6},"end":{"line":1004,"column":null}},"403":{"start":{"line":1006,"column":6},"end":{"line":1006,"column":null}},"404":{"start":{"line":1007,"column":6},"end":{"line":1007,"column":null}},"405":{"start":{"line":1012,"column":2},"end":{"line":1051,"column":null}},"406":{"start":{"line":1013,"column":4},"end":{"line":1050,"column":null}},"407":{"start":{"line":1014,"column":19},"end":{"line":1014,"column":null}},"408":{"start":{"line":1015,"column":18},"end":{"line":1015,"column":null}},"409":{"start":{"line":1016,"column":39},"end":{"line":1016,"column":null}},"410":{"start":{"line":1018,"column":25},"end":{"line":1018,"column":null}},"411":{"start":{"line":1019,"column":6},"end":{"line":1030,"column":null}},"412":{"start":{"line":1020,"column":24},"end":{"line":1020,"column":null}},"413":{"start":{"line":1021,"column":8},"end":{"line":1021,"column":null}},"414":{"start":{"line":1021,"column":46},"end":{"line":1021,"column":null}},"415":{"start":{"line":1022,"column":8},"end":{"line":1022,"column":null}},"416":{"start":{"line":1023,"column":8},"end":{"line":1023,"column":null}},"417":{"start":{"line":1024,"column":6},"end":{"line":1030,"column":null}},"418":{"start":{"line":1026,"column":8},"end":{"line":1026,"column":null}},"419":{"start":{"line":1027,"column":8},"end":{"line":1027,"column":null}},"420":{"start":{"line":1029,"column":8},"end":{"line":1029,"column":null}},"421":{"start":{"line":1032,"column":6},"end":{"line":1032,"column":null}},"422":{"start":{"line":1032,"column":29},"end":{"line":1032,"column":null}},"423":{"start":{"line":1033,"column":17},"end":{"line":1033,"column":null}},"424":{"start":{"line":1034,"column":6},"end":{"line":1044,"column":null}},"425":{"start":{"line":1035,"column":21},"end":{"line":1035,"column":null}},"426":{"start":{"line":1036,"column":8},"end":{"line":1036,"column":null}},"427":{"start":{"line":1037,"column":23},"end":{"line":1042,"column":null}},"428":{"start":{"line":1043,"column":8},"end":{"line":1043,"column":null}},"429":{"start":{"line":1045,"column":6},"end":{"line":1045,"column":null}},"430":{"start":{"line":1045,"column":17},"end":{"line":1045,"column":null}},"431":{"start":{"line":1046,"column":6},"end":{"line":1046,"column":null}},"432":{"start":{"line":1047,"column":6},"end":{"line":1047,"column":null}},"433":{"start":{"line":1049,"column":6},"end":{"line":1049,"column":null}},"434":{"start":{"line":1055,"column":8},"end":{"line":1061,"column":null}},"435":{"start":{"line":1063,"column":2},"end":{"line":1085,"column":null}},"436":{"start":{"line":1064,"column":4},"end":{"line":1084,"column":null}},"437":{"start":{"line":1065,"column":24},"end":{"line":1065,"column":null}},"438":{"start":{"line":1066,"column":6},"end":{"line":1068,"column":null}},"439":{"start":{"line":1067,"column":8},"end":{"line":1067,"column":null}},"440":{"start":{"line":1069,"column":25},"end":{"line":1069,"column":null}},"441":{"start":{"line":1074,"column":19},"end":{"line":1074,"column":null}},"442":{"start":{"line":1075,"column":6},"end":{"line":1077,"column":null}},"443":{"start":{"line":1076,"column":8},"end":{"line":1076,"column":null}},"444":{"start":{"line":1080,"column":6},"end":{"line":1080,"column":null}},"445":{"start":{"line":1082,"column":6},"end":{"line":1082,"column":null}},"446":{"start":{"line":1083,"column":6},"end":{"line":1083,"column":null}},"447":{"start":{"line":1087,"column":2},"end":{"line":1116,"column":null}},"448":{"start":{"line":1088,"column":4},"end":{"line":1115,"column":null}},"449":{"start":{"line":1089,"column":20},"end":{"line":1089,"column":null}},"450":{"start":{"line":1090,"column":6},"end":{"line":1090,"column":null}},"451":{"start":{"line":1090,"column":18},"end":{"line":1090,"column":null}},"452":{"start":{"line":1091,"column":26},"end":{"line":1091,"column":null}},"453":{"start":{"line":1092,"column":22},"end":{"line":1092,"column":null}},"454":{"start":{"line":1093,"column":6},"end":{"line":1095,"column":null}},"455":{"start":{"line":1094,"column":8},"end":{"line":1094,"column":null}},"456":{"start":{"line":1097,"column":19},"end":{"line":1102,"column":null}},"457":{"start":{"line":1103,"column":19},"end":{"line":1103,"column":null}},"458":{"start":{"line":1104,"column":6},"end":{"line":1107,"column":null}},"459":{"start":{"line":1105,"column":8},"end":{"line":1105,"column":null}},"460":{"start":{"line":1106,"column":8},"end":{"line":1106,"column":null}},"461":{"start":{"line":1109,"column":12},"end":{"line":1109,"column":null}},"462":{"start":{"line":1110,"column":6},"end":{"line":1110,"column":null}},"463":{"start":{"line":1111,"column":6},"end":{"line":1111,"column":null}},"464":{"start":{"line":1113,"column":6},"end":{"line":1113,"column":null}},"465":{"start":{"line":1114,"column":6},"end":{"line":1114,"column":null}},"466":{"start":{"line":1118,"column":2},"end":{"line":1169,"column":null}},"467":{"start":{"line":1119,"column":4},"end":{"line":1168,"column":null}},"468":{"start":{"line":1120,"column":20},"end":{"line":1120,"column":null}},"469":{"start":{"line":1121,"column":6},"end":{"line":1121,"column":null}},"470":{"start":{"line":1121,"column":18},"end":{"line":1121,"column":null}},"471":{"start":{"line":1122,"column":29},"end":{"line":1122,"column":null}},"472":{"start":{"line":1123,"column":6},"end":{"line":1125,"column":null}},"473":{"start":{"line":1124,"column":8},"end":{"line":1124,"column":null}},"474":{"start":{"line":1127,"column":21},"end":{"line":1127,"column":null}},"475":{"start":{"line":1128,"column":6},"end":{"line":1128,"column":null}},"476":{"start":{"line":1128,"column":19},"end":{"line":1128,"column":null}},"477":{"start":{"line":1130,"column":18},"end":{"line":1130,"column":null}},"478":{"start":{"line":1131,"column":23},"end":{"line":1131,"column":null}},"479":{"start":{"line":1132,"column":6},"end":{"line":1134,"column":null}},"480":{"start":{"line":1133,"column":8},"end":{"line":1133,"column":null}},"481":{"start":{"line":1136,"column":19},"end":{"line":1136,"column":null}},"482":{"start":{"line":1137,"column":19},"end":{"line":1137,"column":null}},"483":{"start":{"line":1138,"column":17},"end":{"line":1138,"column":null}},"484":{"start":{"line":1139,"column":6},"end":{"line":1147,"column":null}},"485":{"start":{"line":1149,"column":23},"end":{"line":1159,"column":null}},"486":{"start":{"line":1160,"column":6},"end":{"line":1163,"column":null}},"487":{"start":{"line":1161,"column":8},"end":{"line":1161,"column":null}},"488":{"start":{"line":1162,"column":8},"end":{"line":1162,"column":null}},"489":{"start":{"line":1164,"column":6},"end":{"line":1164,"column":null}},"490":{"start":{"line":1166,"column":6},"end":{"line":1166,"column":null}},"491":{"start":{"line":1167,"column":6},"end":{"line":1167,"column":null}},"492":{"start":{"line":1171,"column":2},"end":{"line":1224,"column":null}},"493":{"start":{"line":1172,"column":4},"end":{"line":1223,"column":null}},"494":{"start":{"line":1173,"column":20},"end":{"line":1173,"column":null}},"495":{"start":{"line":1174,"column":19},"end":{"line":1174,"column":null}},"496":{"start":{"line":1175,"column":6},"end":{"line":1175,"column":null}},"497":{"start":{"line":1175,"column":43},"end":{"line":1175,"column":null}},"498":{"start":{"line":1177,"column":21},"end":{"line":1177,"column":null}},"499":{"start":{"line":1178,"column":6},"end":{"line":1178,"column":null}},"500":{"start":{"line":1178,"column":19},"end":{"line":1178,"column":null}},"501":{"start":{"line":1179,"column":6},"end":{"line":1179,"column":null}},"502":{"start":{"line":1179,"column":25},"end":{"line":1179,"column":null}},"503":{"start":{"line":1180,"column":6},"end":{"line":1180,"column":null}},"504":{"start":{"line":1180,"column":41},"end":{"line":1180,"column":null}},"505":{"start":{"line":1181,"column":6},"end":{"line":1181,"column":null}},"506":{"start":{"line":1181,"column":32},"end":{"line":1181,"column":null}},"507":{"start":{"line":1183,"column":6},"end":{"line":1183,"column":null}},"508":{"start":{"line":1184,"column":6},"end":{"line":1187,"column":null}},"509":{"start":{"line":1185,"column":8},"end":{"line":1185,"column":null}},"510":{"start":{"line":1186,"column":8},"end":{"line":1186,"column":null}},"511":{"start":{"line":1189,"column":26},"end":{"line":1189,"column":null}},"512":{"start":{"line":1190,"column":26},"end":{"line":1190,"column":null}},"513":{"start":{"line":1191,"column":6},"end":{"line":1191,"column":null}},"514":{"start":{"line":1191,"column":40},"end":{"line":1191,"column":null}},"515":{"start":{"line":1193,"column":25},"end":{"line":1193,"column":null}},"516":{"start":{"line":1194,"column":6},"end":{"line":1203,"column":null}},"517":{"start":{"line":1194,"column":22},"end":{"line":1194,"column":25}},"518":{"start":{"line":1195,"column":26},"end":{"line":1197,"column":null}},"519":{"start":{"line":1198,"column":8},"end":{"line":1198,"column":null}},"520":{"start":{"line":1198,"column":27},"end":{"line":1198,"column":null}},"521":{"start":{"line":1199,"column":26},"end":{"line":1199,"column":null}},"522":{"start":{"line":1200,"column":22},"end":{"line":1200,"column":null}},"523":{"start":{"line":1201,"column":24},"end":{"line":1201,"column":null}},"524":{"start":{"line":1201,"column":47},"end":{"line":1201,"column":94}},"525":{"start":{"line":1202,"column":8},"end":{"line":1202,"column":null}},"526":{"start":{"line":1202,"column":25},"end":{"line":1202,"column":null}},"527":{"start":{"line":1204,"column":6},"end":{"line":1204,"column":null}},"528":{"start":{"line":1204,"column":25},"end":{"line":1204,"column":null}},"529":{"start":{"line":1206,"column":26},"end":{"line":1210,"column":null}},"530":{"start":{"line":1211,"column":6},"end":{"line":1215,"column":null}},"531":{"start":{"line":1212,"column":21},"end":{"line":1212,"column":null}},"532":{"start":{"line":1213,"column":8},"end":{"line":1213,"column":null}},"533":{"start":{"line":1214,"column":8},"end":{"line":1214,"column":null}},"534":{"start":{"line":1217,"column":6},"end":{"line":1217,"column":null}},"535":{"start":{"line":1218,"column":6},"end":{"line":1218,"column":null}},"536":{"start":{"line":1219,"column":6},"end":{"line":1219,"column":null}},"537":{"start":{"line":1221,"column":6},"end":{"line":1221,"column":null}},"538":{"start":{"line":1222,"column":6},"end":{"line":1222,"column":null}},"539":{"start":{"line":1229,"column":2},"end":{"line":1237,"column":null}},"540":{"start":{"line":1230,"column":4},"end":{"line":1236,"column":null}},"541":{"start":{"line":1231,"column":23},"end":{"line":1231,"column":null}},"542":{"start":{"line":1232,"column":23},"end":{"line":1232,"column":null}},"543":{"start":{"line":1233,"column":6},"end":{"line":1233,"column":null}},"544":{"start":{"line":1235,"column":6},"end":{"line":1235,"column":null}},"545":{"start":{"line":1240,"column":2},"end":{"line":1248,"column":null}},"546":{"start":{"line":1241,"column":4},"end":{"line":1247,"column":null}},"547":{"start":{"line":1242,"column":23},"end":{"line":1242,"column":null}},"548":{"start":{"line":1243,"column":24},"end":{"line":1243,"column":null}},"549":{"start":{"line":1244,"column":6},"end":{"line":1244,"column":null}},"550":{"start":{"line":1246,"column":6},"end":{"line":1246,"column":null}},"551":{"start":{"line":1251,"column":2},"end":{"line":1269,"column":null}},"552":{"start":{"line":1252,"column":4},"end":{"line":1268,"column":null}},"553":{"start":{"line":1253,"column":23},"end":{"line":1253,"column":null}},"554":{"start":{"line":1254,"column":29},"end":{"line":1254,"column":null}},"555":{"start":{"line":1255,"column":6},"end":{"line":1257,"column":null}},"556":{"start":{"line":1256,"column":8},"end":{"line":1256,"column":null}},"557":{"start":{"line":1258,"column":22},"end":{"line":1258,"column":null}},"558":{"start":{"line":1259,"column":6},"end":{"line":1264,"column":null}},"559":{"start":{"line":1260,"column":24},"end":{"line":1260,"column":null}},"560":{"start":{"line":1261,"column":8},"end":{"line":1261,"column":null}},"561":{"start":{"line":1261,"column":52},"end":{"line":1261,"column":null}},"562":{"start":{"line":1262,"column":23},"end":{"line":1262,"column":null}},"563":{"start":{"line":1263,"column":8},"end":{"line":1263,"column":null}},"564":{"start":{"line":1265,"column":6},"end":{"line":1265,"column":null}},"565":{"start":{"line":1267,"column":6},"end":{"line":1267,"column":null}},"566":{"start":{"line":1272,"column":2},"end":{"line":1280,"column":null}},"567":{"start":{"line":1273,"column":4},"end":{"line":1279,"column":null}},"568":{"start":{"line":1274,"column":23},"end":{"line":1274,"column":null}},"569":{"start":{"line":1275,"column":6},"end":{"line":1275,"column":null}},"570":{"start":{"line":1276,"column":6},"end":{"line":1276,"column":null}},"571":{"start":{"line":1278,"column":6},"end":{"line":1278,"column":null}},"572":{"start":{"line":1283,"column":2},"end":{"line":1291,"column":null}},"573":{"start":{"line":1284,"column":4},"end":{"line":1290,"column":null}},"574":{"start":{"line":1285,"column":23},"end":{"line":1285,"column":null}},"575":{"start":{"line":1286,"column":22},"end":{"line":1286,"column":null}},"576":{"start":{"line":1287,"column":6},"end":{"line":1287,"column":null}},"577":{"start":{"line":1287,"column":37},"end":{"line":1287,"column":50}},"578":{"start":{"line":1289,"column":6},"end":{"line":1289,"column":null}},"579":{"start":{"line":1294,"column":2},"end":{"line":1329,"column":null}},"580":{"start":{"line":1295,"column":4},"end":{"line":1328,"column":null}},"581":{"start":{"line":1296,"column":23},"end":{"line":1296,"column":null}},"582":{"start":{"line":1297,"column":21},"end":{"line":1297,"column":null}},"583":{"start":{"line":1298,"column":25},"end":{"line":1298,"column":null}},"584":{"start":{"line":1299,"column":25},"end":{"line":1299,"column":null}},"585":{"start":{"line":1300,"column":22},"end":{"line":1300,"column":null}},"586":{"start":{"line":1301,"column":6},"end":{"line":1303,"column":null}},"587":{"start":{"line":1302,"column":8},"end":{"line":1302,"column":null}},"588":{"start":{"line":1304,"column":6},"end":{"line":1306,"column":null}},"589":{"start":{"line":1305,"column":8},"end":{"line":1305,"column":null}},"590":{"start":{"line":1307,"column":19},"end":{"line":1307,"column":null}},"591":{"start":{"line":1308,"column":6},"end":{"line":1310,"column":null}},"592":{"start":{"line":1309,"column":8},"end":{"line":1309,"column":null}},"593":{"start":{"line":1313,"column":6},"end":{"line":1316,"column":null}},"594":{"start":{"line":1314,"column":8},"end":{"line":1314,"column":null}},"595":{"start":{"line":1315,"column":8},"end":{"line":1315,"column":null}},"596":{"start":{"line":1318,"column":22},"end":{"line":1318,"column":null}},"597":{"start":{"line":1319,"column":25},"end":{"line":1319,"column":null}},"598":{"start":{"line":1319,"column":52},"end":{"line":1319,"column":56}},"599":{"start":{"line":1320,"column":23},"end":{"line":1320,"column":null}},"600":{"start":{"line":1320,"column":57},"end":{"line":1320,"column":75}},"601":{"start":{"line":1321,"column":6},"end":{"line":1323,"column":null}},"602":{"start":{"line":1322,"column":8},"end":{"line":1322,"column":null}},"603":{"start":{"line":1324,"column":26},"end":{"line":1324,"column":null}},"604":{"start":{"line":1325,"column":6},"end":{"line":1325,"column":null}},"605":{"start":{"line":1327,"column":6},"end":{"line":1327,"column":null}},"606":{"start":{"line":1332,"column":2},"end":{"line":1351,"column":null}},"607":{"start":{"line":1333,"column":4},"end":{"line":1350,"column":null}},"608":{"start":{"line":1334,"column":23},"end":{"line":1334,"column":null}},"609":{"start":{"line":1335,"column":21},"end":{"line":1335,"column":null}},"610":{"start":{"line":1336,"column":24},"end":{"line":1336,"column":null}},"611":{"start":{"line":1338,"column":19},"end":{"line":1338,"column":null}},"612":{"start":{"line":1339,"column":6},"end":{"line":1341,"column":null}},"613":{"start":{"line":1340,"column":8},"end":{"line":1340,"column":null}},"614":{"start":{"line":1342,"column":6},"end":{"line":1344,"column":null}},"615":{"start":{"line":1343,"column":8},"end":{"line":1343,"column":null}},"616":{"start":{"line":1346,"column":6},"end":{"line":1346,"column":null}},"617":{"start":{"line":1347,"column":6},"end":{"line":1347,"column":null}},"618":{"start":{"line":1349,"column":6},"end":{"line":1349,"column":null}},"619":{"start":{"line":1354,"column":2},"end":{"line":1399,"column":null}},"620":{"start":{"line":1355,"column":4},"end":{"line":1398,"column":null}},"621":{"start":{"line":1356,"column":23},"end":{"line":1356,"column":null}},"622":{"start":{"line":1357,"column":21},"end":{"line":1357,"column":null}},"623":{"start":{"line":1358,"column":19},"end":{"line":1358,"column":null}},"624":{"start":{"line":1359,"column":6},"end":{"line":1361,"column":null}},"625":{"start":{"line":1360,"column":8},"end":{"line":1360,"column":null}},"626":{"start":{"line":1363,"column":26},"end":{"line":1363,"column":null}},"627":{"start":{"line":1364,"column":25},"end":{"line":1364,"column":null}},"628":{"start":{"line":1367,"column":24},"end":{"line":1367,"column":null}},"629":{"start":{"line":1368,"column":23},"end":{"line":1368,"column":null}},"630":{"start":{"line":1368,"column":52},"end":{"line":1368,"column":67}},"631":{"start":{"line":1371,"column":29},"end":{"line":1387,"column":null}},"632":{"start":{"line":1372,"column":24},"end":{"line":1372,"column":null}},"633":{"start":{"line":1372,"column":57},"end":{"line":1372,"column":94}},"634":{"start":{"line":1373,"column":8},"end":{"line":1386,"column":null}},"635":{"start":{"line":1389,"column":6},"end":{"line":1394,"column":null}},"636":{"start":{"line":1393,"column":53},"end":{"line":1393,"column":77}},"637":{"start":{"line":1396,"column":6},"end":{"line":1396,"column":null}},"638":{"start":{"line":1397,"column":6},"end":{"line":1397,"column":null}},"639":{"start":{"line":1402,"column":2},"end":{"line":1419,"column":null}},"640":{"start":{"line":1403,"column":4},"end":{"line":1418,"column":null}},"641":{"start":{"line":1404,"column":23},"end":{"line":1404,"column":null}},"642":{"start":{"line":1405,"column":21},"end":{"line":1405,"column":null}},"643":{"start":{"line":1406,"column":24},"end":{"line":1406,"column":null}},"644":{"start":{"line":1408,"column":19},"end":{"line":1408,"column":null}},"645":{"start":{"line":1409,"column":6},"end":{"line":1411,"column":null}},"646":{"start":{"line":1410,"column":8},"end":{"line":1410,"column":null}},"647":{"start":{"line":1413,"column":6},"end":{"line":1413,"column":null}},"648":{"start":{"line":1415,"column":6},"end":{"line":1415,"column":null}},"649":{"start":{"line":1417,"column":6},"end":{"line":1417,"column":null}},"650":{"start":{"line":1422,"column":2},"end":{"line":1438,"column":null}},"651":{"start":{"line":1423,"column":4},"end":{"line":1437,"column":null}},"652":{"start":{"line":1424,"column":23},"end":{"line":1424,"column":null}},"653":{"start":{"line":1425,"column":21},"end":{"line":1425,"column":null}},"654":{"start":{"line":1426,"column":19},"end":{"line":1426,"column":null}},"655":{"start":{"line":1427,"column":6},"end":{"line":1429,"column":null}},"656":{"start":{"line":1428,"column":8},"end":{"line":1428,"column":null}},"657":{"start":{"line":1430,"column":6},"end":{"line":1432,"column":null}},"658":{"start":{"line":1431,"column":8},"end":{"line":1431,"column":null}},"659":{"start":{"line":1433,"column":6},"end":{"line":1433,"column":null}},"660":{"start":{"line":1434,"column":6},"end":{"line":1434,"column":null}},"661":{"start":{"line":1436,"column":6},"end":{"line":1436,"column":null}},"662":{"start":{"line":1441,"column":2},"end":{"line":1453,"column":null}},"663":{"start":{"line":1442,"column":4},"end":{"line":1452,"column":null}},"664":{"start":{"line":1443,"column":23},"end":{"line":1443,"column":null}},"665":{"start":{"line":1444,"column":21},"end":{"line":1444,"column":null}},"666":{"start":{"line":1445,"column":19},"end":{"line":1445,"column":null}},"667":{"start":{"line":1446,"column":6},"end":{"line":1446,"column":null}},"668":{"start":{"line":1446,"column":17},"end":{"line":1446,"column":null}},"669":{"start":{"line":1447,"column":6},"end":{"line":1447,"column":null}},"670":{"start":{"line":1447,"column":37},"end":{"line":1447,"column":null}},"671":{"start":{"line":1448,"column":22},"end":{"line":1448,"column":null}},"672":{"start":{"line":1449,"column":6},"end":{"line":1449,"column":null}},"673":{"start":{"line":1451,"column":6},"end":{"line":1451,"column":null}},"674":{"start":{"line":1456,"column":2},"end":{"line":1473,"column":null}},"675":{"start":{"line":1457,"column":4},"end":{"line":1472,"column":null}},"676":{"start":{"line":1458,"column":23},"end":{"line":1458,"column":null}},"677":{"start":{"line":1459,"column":21},"end":{"line":1459,"column":null}},"678":{"start":{"line":1460,"column":26},"end":{"line":1460,"column":null}},"679":{"start":{"line":1461,"column":19},"end":{"line":1461,"column":null}},"680":{"start":{"line":1462,"column":6},"end":{"line":1462,"column":null}},"681":{"start":{"line":1462,"column":17},"end":{"line":1462,"column":null}},"682":{"start":{"line":1463,"column":6},"end":{"line":1463,"column":null}},"683":{"start":{"line":1463,"column":37},"end":{"line":1463,"column":null}},"684":{"start":{"line":1464,"column":25},"end":{"line":1464,"column":null}},"685":{"start":{"line":1465,"column":6},"end":{"line":1467,"column":null}},"686":{"start":{"line":1466,"column":8},"end":{"line":1466,"column":null}},"687":{"start":{"line":1468,"column":22},"end":{"line":1468,"column":null}},"688":{"start":{"line":1469,"column":6},"end":{"line":1469,"column":null}},"689":{"start":{"line":1471,"column":6},"end":{"line":1471,"column":null}},"690":{"start":{"line":1476,"column":2},"end":{"line":1493,"column":null}},"691":{"start":{"line":1477,"column":4},"end":{"line":1492,"column":null}},"692":{"start":{"line":1478,"column":23},"end":{"line":1478,"column":null}},"693":{"start":{"line":1479,"column":21},"end":{"line":1479,"column":null}},"694":{"start":{"line":1480,"column":20},"end":{"line":1480,"column":null}},"695":{"start":{"line":1481,"column":19},"end":{"line":1481,"column":null}},"696":{"start":{"line":1482,"column":6},"end":{"line":1484,"column":null}},"697":{"start":{"line":1483,"column":8},"end":{"line":1483,"column":null}},"698":{"start":{"line":1485,"column":6},"end":{"line":1487,"column":null}},"699":{"start":{"line":1486,"column":8},"end":{"line":1486,"column":null}},"700":{"start":{"line":1488,"column":22},"end":{"line":1488,"column":null}},"701":{"start":{"line":1489,"column":6},"end":{"line":1489,"column":null}},"702":{"start":{"line":1491,"column":6},"end":{"line":1491,"column":null}},"703":{"start":{"line":1496,"column":2},"end":{"line":1508,"column":null}},"704":{"start":{"line":1497,"column":4},"end":{"line":1507,"column":null}},"705":{"start":{"line":1498,"column":21},"end":{"line":1498,"column":null}},"706":{"start":{"line":1499,"column":19},"end":{"line":1499,"column":null}},"707":{"start":{"line":1500,"column":6},"end":{"line":1502,"column":null}},"708":{"start":{"line":1501,"column":8},"end":{"line":1501,"column":null}},"709":{"start":{"line":1503,"column":26},"end":{"line":1503,"column":null}},"710":{"start":{"line":1504,"column":6},"end":{"line":1504,"column":null}},"711":{"start":{"line":1506,"column":6},"end":{"line":1506,"column":null}},"712":{"start":{"line":1510,"column":2},"end":{"line":1528,"column":null}},"713":{"start":{"line":1511,"column":4},"end":{"line":1527,"column":null}},"714":{"start":{"line":1512,"column":23},"end":{"line":1512,"column":null}},"715":{"start":{"line":1513,"column":21},"end":{"line":1513,"column":null}},"716":{"start":{"line":1514,"column":19},"end":{"line":1514,"column":null}},"717":{"start":{"line":1515,"column":6},"end":{"line":1517,"column":null}},"718":{"start":{"line":1516,"column":8},"end":{"line":1516,"column":null}},"719":{"start":{"line":1518,"column":22},"end":{"line":1518,"column":null}},"720":{"start":{"line":1519,"column":25},"end":{"line":1519,"column":null}},"721":{"start":{"line":1519,"column":52},"end":{"line":1519,"column":56}},"722":{"start":{"line":1520,"column":25},"end":{"line":1520,"column":null}},"723":{"start":{"line":1521,"column":22},"end":{"line":1521,"column":null}},"724":{"start":{"line":1521,"column":4
[...]
rt":{"line":90,"column":25},"end":{"line":90,"column":null}},"43":{"start":{"line":91,"column":24},"end":{"line":91,"column":null}},"44":{"start":{"line":92,"column":4},"end":{"line":92,"column":null}},"45":{"start":{"line":93,"column":4},"end":{"line":93,"column":null}},"46":{"start":{"line":101,"column":17},"end":{"line":101,"column":null}},"47":{"start":{"line":102,"column":20},"end":{"line":102,"column":null}},"48":{"start":{"line":103,"column":23},"end":{"line":103,"column":null}},"49":{"start":{"line":104,"column":24},"end":{"line":104,"column":null}},"50":{"start":{"line":106,"column":2},"end":{"line":111,"column":null}},"51":{"start":{"line":107,"column":4},"end":{"line":107,"column":null}},"52":{"start":{"line":107,"column":25},"end":{"line":107,"column":null}},"53":{"start":{"line":108,"column":4},"end":{"line":108,"column":null}},"54":{"start":{"line":108,"column":28},"end":{"line":108,"column":null}},"55":{"start":{"line":109,"column":4},"end":{"line":109,"column":null}},"56":{"start":{"line":109,"column":30},"end":{"line":109,"column":null}},"57":{"start":{"line":110,"column":4},"end":{"line":110,"column":null}},"58":{"start":{"line":113,"column":2},"end":{"line":120,"column":null}}},"fnMap":{"0":{"name":"buildSyllabusChunks","decl":{"start":{"line":38,"column":16},"end":{"line":38,"column":36}},"loc":{"start":{"line":38,"column":144},"end":{"line":57,"column":null}},"line":38},"1":{"name":"scoreSyllabusChunks","decl":{"start":{"line":59,"column":16},"end":{"line":59,"column":36}},"loc":{"start":{"line":59,"column":108},"end":{"line":74,"column":null}},"line":59},"2":{"name":"(anonymous_2)","decl":{"start":{"line":60,"column":72},"end":{"line":60,"column":73}},"loc":{"start":{"line":60,"column":83},"end":{"line":60,"column":99}},"line":60},"3":{"name":"(anonymous_3)","decl":{"start":{"line":62,"column":9},"end":{"line":62,"column":10}},"loc":{"start":{"line":62,"column":20},"end":{"line":69,"column":5}},"line":62},"4":{"name":"(anonymous_4)","decl":{"start":{"line":70,"column":12},"end":{"line":70,"column":13}},"loc":{"start":{"line":70,"column":22},"end":{"line":70,"column":36}},"line":70},"5":{"name":"(anonymous_5)","decl":{"start":{"line":71,"column":10},"end":{"line":71,"column":11}},"loc":{"start":{"line":71,"column":20},"end":{"line":71,"column":37}},"line":71},"6":{"name":"(anonymous_6)","decl":{"start":{"line":73,"column":9},"end":{"line":73,"column":10}},"loc":{"start":{"line":73,"column":19},"end":{"line":73,"column":31}},"line":73},"7":{"name":"shuffleArray","decl":{"start":{"line":76,"column":9},"end":{"line":76,"column":25}},"loc":{"start":{"line":76,"column":42},"end":{"line":83,"column":null}},"line":76},"8":{"name":"balanceAnswerOptions","decl":{"start":{"line":85,"column":16},"end":{"line":85,"column":94}},"loc":{"start":{"line":85,"column":115},"end":{"line":95,"column":null}},"line":85},"9":{"name":"(anonymous_9)","decl":{"start":{"line":86,"column":53},"end":{"line":86,"column":54}},"loc":{"start":{"line":86,"column":67},"end":{"line":86,"column":76}},"line":86},"10":{"name":"(anonymous_10)","decl":{"start":{"line":87,"column":23},"end":{"line":87,"column":24}},"loc":{"start":{"line":87,"column":44},"end":{"line":94,"column":3}},"line":87},"11":{"name":"(anonymous_11)","decl":{"start":{"line":89,"column":61},"end":{"line":89,"column":62}},"loc":{"start":{"line":89,"column":73},"end":{"line":89,"column":91}},"line":89},"12":{"name":"buildCopilotSummary","decl":{"start":{"line":97,"column":16},"end":{"line":97,"column":36}},"loc":{"start":{"line":100,"column":31},"end":{"line":121,"column":null}},"line":100}},"branchMap":{"0":{"loc":{"start":{"line":38,"column":50},"end":{"line":38,"column":144}},"type":"default-arg","locations":[{"start":{"line":38,"column":67},"end":{"line":38,"column":144}}],"line":38},"1":{"loc":{"start":{"line":44,"column":4},"end":{"line":44,"column":null}},"type":"if","locations":[{"start":{"line":44,"column":4},"end":{"line":44,"column":null}},{"start":{},"end":{}}],"line":44},"2":{"loc":{"start":{"line":45,"column":17},"end":{"line":45,"column":null}},"type":"cond-expr","locations":[{"start":{"line":45,"column":27},"end":{"line":45,"column":54}},{"start":{"line":45,"column":54},"end":{"line":45,"column":null}}],"line":45},"3":{"loc":{"start":{"line":46,"column":4},"end":{"line":51,"column":null}},"type":"if","locations":[{"start":{"line":46,"column":4},"end":{"line":51,"column":null}},{"start":{"line":49,"column":11},"end":{"line":51,"column":null}}],"line":46},"4":{"loc":{"start":{"line":46,"column":8},"end":{"line":46,"column":49}},"type":"binary-expr","locations":[{"start":{"line":46,"column":8},"end":{"line":46,"column":40}},{"start":{"line":46,"column":40},"end":{"line":46,"column":49}}],"line":46},"5":{"loc":{"start":{"line":53,"column":2},"end":{"line":55,"column":null}},"type":"if","locations":[{"start":{"line":53,"column":2},"end":{"line":55,"column":null}},{"start":{},"end":{}}],"line":53},"6":{"loc":{"start":{"line":59,"column":87},"end":{"line":59,"column":108}},"type":"default-arg","locations":[{"start":{"line":59,"column":95},"end":{"line":59,"column":108}}],"line":59},"7":{"loc":{"start":{"line":66,"column":8},"end":{"line":66,"column":null}},"type":"if","locations":[{"start":{"line":66,"column":8},"end":{"line":66,"column":null}},{"start":{},"end":{}}],"line":66},"8":{"loc":{"start":{"line":107,"column":4},"end":{"line":107,"column":null}},"type":"if","locations":[{"start":{"line":107,"column":4},"end":{"line":107,"column":null}},{"start":{},"end":{}}],"line":107},"9":{"loc":{"start":{"line":108,"column":4},"end":{"line":108,"column":null}},"type":"if","locations":[{"start":{"line":108,"column":4},"end":{"line":108,"column":null}},{"start":{},"end":{}}],"line":108},"10":{"loc":{"start":{"line":109,"column":4},"end":{"line":109,"column":null}},"type":"if","locations":[{"start":{"line":109,"column":4},"end":{"line":109,"column":null}},{"start":{},"end":{}}],"line":109},"11":{"loc":{"start":{"line":110,"column":22},"end":{"line":110,"column":93}},"type":"binary-expr","locations":[{"start":{"line":110,"column":22},"end":{"line":110,"column":46}},{"start":{"line":110,"column":46},"end":{"line":110,"column":93}}],"line":110},"12":{"loc":{"start":{"line":110,"column":46},"end":{"line":110,"column":93}},"type":"cond-expr","locations":[{"start":{"line":110,"column":65},"end":{"line":110,"column":75}},{"start":{"line":110,"column":75},"end":{"line":110,"column":93}}],"line":110},"13":{"loc":{"start":{"line":119,"column":25},"end":{"line":119,"column":null}},"type":"cond-expr","locations":[{"start":{"line":119,"column":54},"end":{"line":119,"column":85}},{"start":{"line":119,"column":85},"end":{"line":119,"column":null}}],"line":119}},"s":{"0":2,"1":2,"2":2,"3":2,"4":2,"5":2,"6":2,"7":2,"8":22,"9":0,"10":22,"11":22,"12":10,"13":10,"14":12,"15":2,"16":2,"17":2,"18":1,"19":3,"20":1,"21":11,"22":11,"23":11,"24":33,"25":20,"26":11,"27":11,"28":9,"29":4,"30":37,"31":37,"32":37,"33":63,"34":63,"35":37,"36":12,"37":25,"38":12,"39":25,"40":25,"41":100,"42":25,"43":25,"44":25,"45":25,"46":18,"47":18,"48":18,"49":18,"50":18,"51":20,"52":17,"53":20,"54":16,"55":20,"56":16,"57":20,"58":18},"f":{"0":2,"1":1,"2":3,"3":11,"4":11,"5":9,"6":4,"7":37,"8":12,"9":25,"10":25,"11":100,"12":18},"b":{"0":[2],"1":[0,22],"2":[20,2],"3":[10,12],"4":[22,11],"5":[2,0],"6":[1],"7":[20,13],"8":[17,3],"9":[16,4],"10":[16,4],"11":[20,0],"12":[0,0],"13":[1,17]},"meta":{"lastBranch":14,"lastFunction":13,"lastStatement":59,"seen":{"s:7:31:7:Infinity":0,"s:9:34:20:Infinity":1,"s:22:37:33:Infinity":2,"f:38:16:38:36":0,"b:38:67:38:144":0,"s:39:21:39:Infinity":3,"s:40:20:40:Infinity":4,"s:41:89:41:Infinity":5,"s:42:16:42:Infinity":6,"s:43:2:52:Infinity":7,"b:44:4:44:Infinity:undefined:undefined:undefined:undefined":1,"s:44:4:44:Infinity":8,"s:44:19:44:Infinity":9,"s:45:17:45:Infinity":10,"b:45:27:45:54:45:54:45:Infinity":2,"b:46:4:51:Infinity:49:11:51:Infinity":3,"s:46:4:51:Infinity":11,"b:46:8:46:40:46:40:46:49":4,"s:47:6:47:Infinity":12,"s:48:6:48:Infinity":13,"s:50:6:50:Infinity":14,"b:53:2:55:Infinity:undefined:undefined:undefined:undefined":5,"s:53:2:55:Infinity":15,"s:54:4:54:Infinity":16,"s:56:2:56:Infinity":17,"f:59:16:59:36":1,"b:59:95:59:108":6,"s:60:17:60:Infinity":18,"f:60:72:60:73":2,"s:60:83:60:99":19,"s:61:2:73:Infinity":20,"f:62:9:62:10":3,"s:63:18:63:Infinity":21,"s:64:18:64:Infinity":22,"s:65:6:67:Infinity":23,"b:66:8:66:Infinity:undefined:undefined:undefined:undefined":7,"s:66:8:66:Infinity":24,"s:66:33:66:Infinity":25,"s:68:6:68:Infinity":26,"f:70:12:70:13":4,"s:70:22:70:36":27,"f:71:10:71:11":5,"s:71:20:71:37":28,"f:73:9:73:10":6,"s:73:19:73:31":29,"f:76:9:76:25":7,"s:77:14:77:Infinity":30,"s:78:2:81:Infinity":31,"s:78:15:78:31":32,"s:79:14:79:Infinity":33,"s:80:4:80:Infinity":34,"s:82:2:82:Infinity":35,"f:85:16:85:94":8,"s:86:26:86:Infinity":36,"f:86:53:86:54":9,"s:86:67:86:76":37,"s:87:2:94:Infinity":38,"f:87:23:87:24":10,"s:88:20:88:Infinity":39,"s:89:24:89:Infinity":40,"f:89:61:89:62":11,"s:89:73:89:91":41,"s:90:25:90:Infinity":42,"s:91:24:91:Infinity":43,"s:92:4:92:Infinity":44,"s:93:4:93:Infinity":45,"f:97:16:97:36":12,"s:101:17:101:Infinity":46,"s:102:20:102:Infinity":47,"s:103:23:103:Infinity":48,"s:104:24:104:Infinity":49,"s:106:2:111:Infinity":50,"b:107:4:107:Infinity:undefined:undefined:undefined:undefined":8,"s:107:4:107:Infinity":51,"s:107:25:107:Infinity":52,"b:108:4:108:Infinity:undefined:undefined:undefined:undefined":9,"s:108:4:108:Infinity":53,"s:108:28:108:Infinity":54,"b:109:4:109:Infinity:undefined:undefined:undefined:undefined":10,"s:109:4:109:Infinity":55,"s:109:30:109:Infinity":56,"s:110:4:110:Infinity":57,"b:110:22:110:46:110:46:110:93":11,"b:110:65:110:75:110:75:110:93":12,"s:113:2:120:Infinity":58,"b:119:54:119:85:119:85:119:Infinity":13}}}
,"/home/user/Math-Quiz-Hub/shared/legacySchemas.ts": {"path":"/home/user/Math-Quiz-Hub/shared/legacySchemas.ts","statementMap":{"0":{"start":{"line":3,"column":32},"end":{"line":7,"column":null}},"1":{"start":{"line":9,"column":36},"end":{"line":16,"column":null}},"2":{"start":{"line":18,"column":35},"end":{"line":21,"column":null}},"3":{"start":{"line":23,"column":38},"end":{"line":30,"column":null}},"4":{"start":{"line":32,"column":36},"end":{"line":38,"column":null}}},"fnMap":{},"branchMap":{},"s":{"0":3,"1":3,"2":3,"3":3,"4":3},"f":{},"b":{},"meta":{"lastBranch":0,"lastFunction":0,"lastStatement":5,"seen":{"s:3:32:7:Infinity":0,"s:9:36:16:Infinity":1,"s:18:35:21:Infinity":2,"s:23:38:30:Infinity":3,"s:32:36:38:Infinity":4}}}
,"/home/user/Math-Quiz-Hub/shared/schema.ts": {"path":"/home/user/Math-Quiz-Hub/shared/schema.ts","statementMap":{"0":{"start":{"line":8,"column":35},"end":{"line":8,"column":null}},"1":{"start":{"line":11,"column":32},"end":{"line":15,"column":null}},"2":{"start":{"line":17,"column":39},"end":{"line":62,"column":null}},"3":{"start":{"line":66,"column":13},"end":{"line":73,"column":null}},"4":{"start":{"line":75,"column":13},"end":{"line":88,"column":null}},"5":{"start":{"line":83,"column":47},"end":{"line":83,"column":61}},"6":{"start":{"line":90,"column":13},"end":{"line":103,"column":null}},"7":{"start":{"line":92,"column":56},"end":{"line":92,"column":72}},"8":{"start":{"line":106,"column":13},"end":{"line":119,"column":null}},"9":{"start":{"line":108,"column":45},"end":{"line":108,"column":59}},"10":{"start":{"line":121,"column":13},"end":{"line":127,"column":null}},"11":{"start":{"line":123,"column":64},"end":{"line":123,"column":86}},"12":{"start":{"line":129,"column":13},"end":{"line":141,"column":null}},"13":{"start":{"line":131,"column":56},"end":{"line":131,"column":72}},"14":{"start":{"line":132,"column":49},"end":{"line":132,"column":63}},"15":{"start":{"line":143,"column":13},"end":{"line":150,"column":null}},"16":{"start":{"line":145,"column":55},"end":{"line":145,"column":69}},"17":{"start":{"line":146,"column":59},"end":{"line":146,"column":73}},"18":{"start":{"line":148,"column":14},"end":{"line":150,"column":1}},"19":{"start":{"line":152,"column":13},"end":{"line":161,"column":null}},"20":{"start":{"line":154,"column":56},"end":{"line":154,"column":72}},"21":{"start":{"line":155,"column":59},"end":{"line":155,"column":73}},"22":{"start":{"line":159,"column":14},"end":{"line":161,"column":1}},"23":{"start":{"line":163,"column":13},"end":{"line":167,"column":null}},"24":{"start":{"line":169,"column":13},"end":{"line":175,"column":null}},"25":{"start":{"line":171,"column":55},"end":{"line":171,"column":69}},"26":{"start":{"line":172,"column":59},"end":{"line":172,"column":73}},"27":{"start":{"line":177,"column":13},"end":{"line":185,"column":null}},"28":{"start":{"line":177,"column":79},"end":{"line":185,"column":2}},"29":{"start":{"line":187,"column":13},"end":{"line":192,"column":null}},"30":{"start":{"line":187,"column":77},"end":{"line":192,"column":2}},"31":{"start":{"line":194,"column":13},"end":{"line":199,"column":null}},"32":{"start":{"line":194,"column":70},"end":{"line":199,"column":2}},"33":{"start":{"line":201,"column":13},"end":{"line":210,"column":null}},"34":{"start":{"line":201,"column":73},"end":{"line":210,"column":2}},"35":{"start":{"line":212,"column":13},"end":{"line":223,"column":null}},"36":{"start":{"line":212,"column":77},"end":{"line":223,"column":2}},"37":{"start":{"line":225,"column":13},"end":{"line":234,"column":null}},"38":{"start":{"line":225,"column":81},"end":{"line":234,"column":2}},"39":{"start":{"line":236,"column":37},"end":{"line":247,"column":null}},"40":{"start":{"line":249,"column":13},"end":{"line":249,"column":null}},"41":{"start":{"line":250,"column":13},"end":{"line":250,"column":null}},"42":{"start":{"line":251,"column":13},"end":{"line":251,"column":null}},"43":{"start":{"line":252,"column":13},"end":{"line":252,"column":null}},"44":{"start":{"line":253,"column":13},"end":{"line":253,"column":null}},"45":{"start":{"line":254,"column":13},"end":{"line":254,"column":null}},"46":{"start":{"line":269,"column":13},"end":{"line":269,"column":null}},"47":{"start":{"line":270,"column":13},"end":{"line":270,"column":null}},"48":{"start":{"line":277,"column":13},"end":{"line":277,"column":null}}},"fnMap":{"0":{"name":"(anonymous_0)","decl":{"start":{"line":83,"column":41},"end":{"line":83,"column":47}},"loc":{"start":{"line":83,"column":47},"end":{"line":83,"column":61}},"line":83},"1":{"name":"(anonymous_1)","decl":{"start":{"line":92,"column":50},"end":{"line":92,"column":56}},"loc":{"start":{"line":92,"column":56},"end":{"line":92,"column":72}},"line":92},"2":{"name":"(anonymous_2)","decl":{"start":{"line":108,"column":39},"end":{"line":108,"column":45}},"loc":{"start":{"line":108,"column":45},"end":{"line":108,"column":59}},"line":108},"3":{"name":"(anonymous_3)","decl":{"start":{"line":123,"column":58},"end":{"line":123,"column":64}},"loc":{"start":{"line":123,"column":64},"end":{"line":123,"column":86}},"line":123},"4":{"name":"(anonymous_4)","decl":{"start":{"line":131,"column":50},"end":{"line":131,"column":56}},"loc":{"start":{"line":131,"column":56},"end":{"line":131,"column":72}},"line":131},"5":{"name":"(anonymous_5)","decl":{"start":{"line":132,"column":43},"end":{"line":132,"column":49}},"loc":{"start":{"line":132,"column":49},"end":{"line":132,"column":63}},"line":132},"6":{"name":"(anonymous_6)","decl":{"start":{"line":145,"column":49},"end":{"line":145,"column":55}},"loc":{"start":{"line":145,"column":55},"end":{"line":145,"column":69}},"line":145},"7":{"name":"(anonymous_7)","decl":{"start":{"line":146,"column":53},"end":{"line":146,"column":59}},"loc":{"start":{"line":146,"column":59},"end":{"line":146,"column":73}},"line":146},"8":{"name":"(anonymous_8)","decl":{"start":{"line":148,"column":3},"end":{"line":148,"column":4}},"loc":{"start":{"line":148,"column":14},"end":{"line":150,"column":1}},"line":148},"9":{"name":"(anonymous_9)","decl":{"start":{"line":154,"column":50},"end":{"line":154,"column":56}},"loc":{"start":{"line":154,"column":56},"end":{"line":154,"column":72}},"line":154},"10":{"name":"(anonymous_10)","decl":{"start":{"line":155,"column":53},"end":{"line":155,"column":59}},"loc":{"start":{"line":155,"column":59},"end":{"line":155,"column":73}},"line":155},"11":{"name":"(anonymous_11)","decl":{"start":{"line":159,"column":3},"end":{"line":159,"column":4}},"loc":{"start":{"line":159,"column":14},"end":{"line":161,"column":1}},"line":159},"12":{"name":"(anonymous_12)","decl":{"start":{"line":171,"column":49},"end":{"line":171,"column":55}},"loc":{"start":{"line":171,"column":55},"end":{"line":171,"column":69}},"line":171},"13":{"name":"(anonymous_13)","decl":{"start":{"line":172,"column":53},"end":{"line":172,"column":59}},"loc":{"start":{"line":172,"column":59},"end":{"line":172,"column":73}},"line":172},"14":{"name":"(anonymous_14)","decl":{"start":{"line":177,"column":59},"end":{"line":177,"column":60}},"loc":{"start":{"line":177,"column":79},"end":{"line":185,"column":2}},"line":177},"15":{"name":"(anonymous_15)","decl":{"start":{"line":187,"column":63},"end":{"line":187,"column":64}},"loc":{"start":{"line":187,"column":77},"end":{"line":192,"column":2}},"line":187},"16":{"name":"(anonymous_16)","decl":{"start":{"line":194,"column":55},"end":{"line":194,"column":56}},"loc":{"start":{"line":194,"column":70},"end":{"line":199,"column":2}},"line":194},"17":{"name":"(anonymous_17)","decl":{"start":{"line":201,"column":59},"end":{"line":201,"column":60}},"loc":{"start":{"line":201,"column":73},"end":{"line":210,"column":2}},"line":201},"18":{"name":"(anonymous_18)","decl":{"start":{"line":212,"column":63},"end":{"line":212,"column":64}},"loc":{"start":{"line":212,"column":77},"end":{"line":223,"column":2}},"line":212},"19":{"name":"(anonymous_19)","decl":{"start":{"line":225,"column":67},"end":{"line":225,"column":68}},"loc":{"start":{"line":225,"column":81},"end":{"line":234,"column":2}},"line":225}},"branchMap":{},"s":{"0":3,"1":3,"2":3,"3":3,"4":3,"5":0,"6":3,"7":0,"8":3,"9":0,"10":3,"11":0,"12":3,"13":0,"14":0,"15":3,"16":0,"17":0,"18":0,"19":3,"20":0,"21":0,"22":0,"23":3,"24":3,"25":0,"26":0,"27":3,"28":0,"29":3,"30":0,"31":3,"32":0,"33":3,"34":0,"35":3,"36":0,"37":3,"38":0,"39":3,"40":3,"41":3,"42":3,"43":3,"44":3,"45":3,"46":3,"47":3,"48":3},"f":{"0":0,"1":0,"2":0,"3":0,"4":0,"5":0,"6":0,"7":0,"8":0,"9":0,"10":0,"11":0,"12":0,"13":0,"14":0,"15":0,"16":0,"17":0,"18":0,"19":0},"b":{},"meta":{"lastBranch":0,"lastFunction":20,"lastStatement":49,"seen":{"s:8:35:8:Infinity":0,"s:11:32:15:Infinity":1,"s:17:39:62:Infinity":2,"s:66:13:73:Infinity":3,"s:75:13:88:Infinity":4,"f:83:41:83:47":0,"s:83:47:83:61":5,"s:90:13:103:Infinity":6,"f:92:50:92:56":1,"s:92:56:92:72":7,"s:106:13:119:Infinity":8,"f:108:39:108:45":2,"s:108:45:108:59":9,"s:121:13:127:Infinity":10,"f:123:58:123:64":3,"s:123:64:123:86":11,"s:129:13:141:Infinity":12,"f:131:50:131:56":4,"s:131:56:131:72":13,"f:132:43:132:49":5,"s:132:49:132:63":14,"s:143:13:150:Infinity":15,"f:145:49:145:55":6,"s:145:55:145:69":16,"f:146:53:146:59":7,"s:146:59:146:73":17,"f:148:3:148:4":8,"s:148:14:150:1":18,"s:152:13:161:Infinity":19,"f:154:50:154:56":9,"s:154:56:154:72":20,"f:155:53:155:59":10,"s:155:59:155:73":21,"f:159:3:159:4":11,"s:159:14:161:1":22,"s:163:13:167:Infinity":23,"s:169:13:175:Infinity":24,"f:171:49:171:55":12,"s:171:55:171:69":25,"f:172:53:172:59":13,"s:172:59:172:73":26,"s:177:13:185:Infinity":27,"f:177:59:177:60":14,"s:177:79:185:2":28,"s:187:13:192:Infinity":29,"f:187:63:187:64":15,"s:187:77:192:2":30,"s:194:13:199:Infinity":31,"f:194:55:194:56":16,"s:194:70:199:2":32,"s:201:13:210:Infinity":33,"f:201:59:201:60":17,"s:201:73:210:2":34,"s:212:13:223:Infinity":35,"f:212:63:212:64":18,"s:212:77:223:2":36,"s:225:13:234:Infinity":37,"f:225:67:225:68":19,"s:225:81:234:2":38,"s:236:37:247:Infinity":39,"s:249:13:249:Infinity":40,"s:250:13:250:Infinity":41,"s:251:13:251:Infinity":42,"s:252:13:252:Infinity":43,"s:253:13:253:Infinity":44,"s:254:13:254:Infinity":45,"s:269:13:269:Infinity":46,"s:270:13:270:Infinity":47,"s:277:13:277:Infinity":48}}}
}
